This file contains any messages produced by compilers while
running configure, to aid debugging if configure makes a mistake.

It was created by configure, which was
generated by GNU Autoconf 2.69.  Invocation command line was

  $ ./configure --enable-gcc --disable-shared --prefix=/home/aqq/nwsim/ns2.34

## --------- ##
## Platform. ##
## --------- ##

hostname = ns
uname -m = x86_64
uname -r = 5.15.0-1064-azure
uname -s = Linux
uname -v = #73~20.04.1-Ubuntu SMP Mon May 6 09:43:44 UTC 2024

/usr/bin/uname -p = x86_64
/bin/uname -X     = unknown

/bin/arch              = x86_64
/usr/bin/arch -k       = unknown
/usr/convex/getsysinfo = unknown
/usr/bin/hostinfo      = unknown
/bin/machine           = unknown
/usr/bin/oslevel       = unknown
/bin/universe          = unknown

PATH: /home/aqq/nwsim/ns2.34/bin
PATH: /home/aqq/.vscode-server/cli/servers/Stable-89de5a8d4d6205e5b11647eb6a74844ca23d2573/server/bin/remote-cli
PATH: /usr/local/sbin
PATH: /usr/local/bin
PATH: /usr/sbin
PATH: /usr/bin
PATH: /sbin
PATH: /bin
PATH: /usr/games
PATH: /usr/local/games
PATH: /snap/bin
PATH: /home/aqq/nwsim/ns2.34/bin
PATH: /home/aqq/nwsim/ns2.34/tcl8.4.18/unix
PATH: /home/aqq/nwsim/ns2.34/bin
PATH: /home/aqq/nwsim/ns2.34/tcl8.4.18/unix


## ----------- ##
## Core tests. ##
## ----------- ##

configure:2379: checking whether to use symlinks for manpages
configure:2388: result: no
configure:2391: checking whether to compress the manpages
configure:2404: result: no
configure:2418: checking whether to add a package name suffix for the manpages
configure:2431: result: no
configure:2495: checking for gcc
configure:2511: found /usr/bin/gcc
configure:2522: result: gcc
configure:2751: checking for C compiler version
configure:2760: gcc --version >&5
gcc (Ubuntu 9.4.0-1ubuntu1~20.04.2) 9.4.0
Copyright (C) 2019 Free Software Foundation, Inc.
This is free software; see the source for copying conditions.  There is NO
warranty; not even for MERCHANTABILITY or FITNESS FOR A PARTICULAR PURPOSE.

configure:2771: $? = 0
configure:2760: gcc -v >&5
Using built-in specs.
COLLECT_GCC=gcc
COLLECT_LTO_WRAPPER=/usr/lib/gcc/x86_64-linux-gnu/9/lto-wrapper
OFFLOAD_TARGET_NAMES=nvptx-none:hsa
OFFLOAD_TARGET_DEFAULT=1
Target: x86_64-linux-gnu
Configured with: ../src/configure -v --with-pkgversion='Ubuntu 9.4.0-1ubuntu1~20.04.2' --with-bugurl=file:///usr/share/doc/gcc-9/README.Bugs --enable-languages=c,ada,c++,go,brig,d,fortran,objc,obj-c++,gm2 --prefix=/usr --with-gcc-major-version-only --program-suffix=-9 --program-prefix=x86_64-linux-gnu- --enable-shared --enable-linker-build-id --libexecdir=/usr/lib --without-included-gettext --enable-threads=posix --libdir=/usr/lib --enable-nls --enable-clocale=gnu --enable-libstdcxx-debug --enable-libstdcxx-time=yes --with-default-libstdcxx-abi=new --enable-gnu-unique-object --disable-vtable-verify --enable-plugin --enable-default-pie --with-system-zlib --with-target-system-zlib=auto --enable-objc-gc=auto --enable-multiarch --disable-werror --with-arch-32=i686 --with-abi=m64 --with-multilib-list=m32,m64,mx32 --enable-multilib --with-tune=generic --enable-offload-targets=nvptx-none=/build/gcc-9-9QDOt0/gcc-9-9.4.0/debian/tmp-nvptx/usr,hsa --without-cuda-driver --enable-checking=release --build=x86_64-linux-gnu --host=x86_64-linux-gnu --target=x86_64-linux-gnu
Thread model: posix
gcc version 9.4.0 (Ubuntu 9.4.0-1ubuntu1~20.04.2) 
configure:2771: $? = 0
configure:2760: gcc -V >&5
gcc: error: unrecognized command line option '-V'
gcc: fatal error: no input files
compilation terminated.
configure:2771: $? = 1
configure:2760: gcc -qversion >&5
gcc: error: unrecognized command line option '-qversion'; did you mean '--version'?
gcc: fatal error: no input files
compilation terminated.
configure:2771: $? = 1
configure:2791: checking whether the C compiler works
configure:2813: gcc    conftest.c  >&5
configure:2817: $? = 0
configure:2865: result: yes
configure:2868: checking for C compiler default output file name
configure:2870: result: a.out
configure:2876: checking for suffix of executables
configure:2883: gcc -o conftest    conftest.c  >&5
configure:2887: $? = 0
configure:2909: result: 
configure:2931: checking whether we are cross compiling
configure:2939: gcc -o conftest    conftest.c  >&5
configure:2943: $? = 0
configure:2950: ./conftest
configure:2954: $? = 0
configure:2942: result: no
configure:2947: checking for suffix of object files
configure:2969: gcc -c   conftest.c >&5
configure:2973: $? = 0
configure:2994: result: o
configure:2998: checking whether we are using the GNU C compiler
configure:3017: gcc -c   conftest.c >&5
configure:3017: $? = 0
configure:3026: result: yes
configure:3035: checking whether gcc accepts -g
configure:3055: gcc -c -g  conftest.c >&5
configure:3055: $? = 0
configure:3096: result: yes
configure:3113: checking for gcc option to accept ISO C89
configure:3176: gcc  -c   conftest.c >&5
configure:3176: $? = 0
configure:3189: result: none needed
configure:3225: checking how to run the C preprocessor
configure:3256: gcc -E  conftest.c
configure:3256: $? = 0
configure:3270: gcc -E  conftest.c
conftest.c:9:10: fatal error: ac_nonexistent.h: No such file or directory
    9 | #include <ac_nonexistent.h>
      |          ^~~~~~~~~~~~~~~~~~
compilation terminated.
configure:3270: $? = 1
configure: failed program was:
| /* confdefs.h */
| #define PACKAGE_NAME ""
| #define PACKAGE_TARNAME ""
| #define PACKAGE_VERSION ""
| #define PACKAGE_STRING ""
| #define PACKAGE_BUGREPORT ""
| #define PACKAGE_URL ""
| /* end confdefs.h.  */
| #include <ac_nonexistent.h>
configure:3295: result: gcc -E
configure:3315: gcc -E  conftest.c
configure:3315: $? = 0
configure:3329: gcc -E  conftest.c
conftest.c:9:10: fatal error: ac_nonexistent.h: No such file or directory
    9 | #include <ac_nonexistent.h>
      |          ^~~~~~~~~~~~~~~~~~
compilation terminated.
configure:3329: $? = 1
configure: failed program was:
| /* confdefs.h */
| #define PACKAGE_NAME ""
| #define PACKAGE_TARNAME ""
| #define PACKAGE_VERSION ""
| #define PACKAGE_STRING ""
| #define PACKAGE_BUGREPORT ""
| #define PACKAGE_URL ""
| /* end confdefs.h.  */
| #include <ac_nonexistent.h>
configure:3358: checking for grep that handles long lines and -e
configure:3416: result: /usr/bin/grep
configure:3421: checking for egrep
configure:3483: result: /usr/bin/grep -E
configure:3488: checking for ANSI C header files
configure:3508: gcc -c   conftest.c >&5
configure:3508: $? = 0
configure:3581: gcc -o conftest    conftest.c  >&5
configure:3581: $? = 0
configure:3581: ./conftest
configure:3581: $? = 0
configure:3592: result: yes
configure:3605: checking for sys/types.h
configure:3605: gcc -c   conftest.c >&5
configure:3605: $? = 0
configure:3605: result: yes
configure:3605: checking for sys/stat.h
configure:3605: gcc -c   conftest.c >&5
configure:3605: $? = 0
configure:3605: result: yes
configure:3605: checking for stdlib.h
configure:3605: gcc -c   conftest.c >&5
configure:3605: $? = 0
configure:3605: result: yes
configure:3605: checking for string.h
configure:3605: gcc -c   conftest.c >&5
configure:3605: $? = 0
configure:3605: result: yes
configure:3605: checking for memory.h
configure:3605: gcc -c   conftest.c >&5
configure:3605: $? = 0
configure:3605: result: yes
configure:3605: checking for strings.h
configure:3605: gcc -c   conftest.c >&5
configure:3605: $? = 0
configure:3605: result: yes
configure:3605: checking for inttypes.h
configure:3605: gcc -c   conftest.c >&5
configure:3605: $? = 0
configure:3605: result: yes
configure:3605: checking for stdint.h
configure:3605: gcc -c   conftest.c >&5
configure:3605: $? = 0
configure:3605: result: yes
configure:3605: checking for unistd.h
configure:3605: gcc -c   conftest.c >&5
configure:3605: $? = 0
configure:3605: result: yes
configure:3618: checking dirent.h
configure:3654: gcc -o conftest    conftest.c  >&5
configure:3654: $? = 0
configure:3662: result: yes
configure:3670: checking errno.h usability
configure:3670: gcc -c   conftest.c >&5
configure:3670: $? = 0
configure:3670: result: yes
configure:3670: checking errno.h presence
configure:3670: gcc -E  conftest.c
configure:3670: $? = 0
configure:3670: result: yes
configure:3670: checking for errno.h
configure:3670: result: yes
configure:3679: checking float.h usability
configure:3679: gcc -c   conftest.c >&5
configure:3679: $? = 0
configure:3679: result: yes
configure:3679: checking float.h presence
configure:3679: gcc -E  conftest.c
configure:3679: $? = 0
configure:3679: result: yes
configure:3679: checking for float.h
configure:3679: result: yes
configure:3688: checking values.h usability
configure:3688: gcc -c   conftest.c >&5
configure:3688: $? = 0
configure:3688: result: yes
configure:3688: checking values.h presence
configure:3688: gcc -E  conftest.c
configure:3688: $? = 0
configure:3688: result: yes
configure:3688: checking for values.h
configure:3688: result: yes
configure:3697: checking limits.h usability
configure:3697: gcc -c   conftest.c >&5
configure:3697: $? = 0
configure:3697: result: yes
configure:3697: checking limits.h presence
configure:3697: gcc -E  conftest.c
configure:3697: $? = 0
configure:3697: result: yes
configure:3697: checking for limits.h
configure:3697: result: yes
configure:3707: checking for stdlib.h
configure:3707: result: yes
configure:3758: checking for string.h
configure:3758: result: yes
configure:3801: checking sys/wait.h usability
configure:3801: gcc -c   conftest.c >&5
configure:3801: $? = 0
configure:3801: result: yes
configure:3801: checking sys/wait.h presence
configure:3801: gcc -E  conftest.c
configure:3801: $? = 0
configure:3801: result: yes
configure:3801: checking for sys/wait.h
configure:3801: result: yes
configure:3810: checking dlfcn.h usability
configure:3810: gcc -c   conftest.c >&5
configure:3810: $? = 0
configure:3810: result: yes
configure:3810: checking dlfcn.h presence
configure:3810: gcc -E  conftest.c
configure:3810: $? = 0
configure:3810: result: yes
configure:3810: checking for dlfcn.h
configure:3810: result: yes
configure:3824: checking for unistd.h
configure:3824: result: yes
configure:3824: checking sys/param.h usability
configure:3824: gcc -c   conftest.c >&5
configure:3824: $? = 0
configure:3824: result: yes
configure:3824: checking sys/param.h presence
configure:3824: gcc -E  conftest.c
configure:3824: $? = 0
configure:3824: result: yes
configure:3824: checking for sys/param.h
configure:3824: result: yes
configure:3842: checking if the compiler understands -pipe
configure:3860: gcc -c  -pipe  conftest.c >&5
configure:3860: $? = 0
configure:3868: result: yes
configure:4177: checking for building with threads
configure:4191: result: no (default)
configure:4210: checking for sin
configure:4210: gcc -o conftest  -pipe   conftest.c  >&5
conftest.c:45:6: warning: conflicting types for built-in function 'sin'; expected 'double(double)' [-Wbuiltin-declaration-mismatch]
   45 | char sin ();
      |      ^~~
conftest.c:33:1: note: 'sin' is declared in header '<math.h>'
   32 | # include <limits.h>
   33 | #else
/usr/bin/ld: /tmp/ccBKHCmM.o: in function `main':
conftest.c:(.text+0xe): undefined reference to `sin'
collect2: error: ld returned 1 exit status
configure:4210: $? = 1
configure: failed program was:
| /* confdefs.h */
| #define PACKAGE_NAME ""
| #define PACKAGE_TARNAME ""
| #define PACKAGE_VERSION ""
| #define PACKAGE_STRING ""
| #define PACKAGE_BUGREPORT ""
| #define PACKAGE_URL ""
| #define STDC_HEADERS 1
| #define HAVE_SYS_TYPES_H 1
| #define HAVE_SYS_STAT_H 1
| #define HAVE_STDLIB_H 1
| #define HAVE_STRING_H 1
| #define HAVE_MEMORY_H 1
| #define HAVE_STRINGS_H 1
| #define HAVE_INTTYPES_H 1
| #define HAVE_STDINT_H 1
| #define HAVE_UNISTD_H 1
| #define HAVE_LIMITS_H 1
| #define HAVE_UNISTD_H 1
| #define HAVE_SYS_PARAM_H 1
| /* end confdefs.h.  */
| /* Define sin to an innocuous variant, in case <limits.h> declares sin.
|    For example, HP-UX 11i <limits.h> declares gettimeofday.  */
| #define sin innocuous_sin
| 
| /* System header to define __stub macros and hopefully few prototypes,
|     which can conflict with char sin (); below.
|     Prefer <limits.h> to <assert.h> if __STDC__ is defined, since
|     <limits.h> exists even on freestanding compilers.  */
| 
| #ifdef __STDC__
| # include <limits.h>
| #else
| # include <assert.h>
| #endif
| 
| #undef sin
| 
| /* Override any GCC internal prototype to avoid an error.
|    Use char because int might match the return type of a GCC
|    builtin and then its argument prototype would still apply.  */
| #ifdef __cplusplus
| extern "C"
| #endif
| char sin ();
| /* The GNU C library defines this for functions which it implements
|     to always fail with ENOSYS.  Some functions are actually named
|     something starting with __ and the normal name is an alias.  */
| #if defined __stub_sin || defined __stub___sin
| choke me
| #endif
| 
| int
| main ()
| {
| return sin ();
|   ;
|   return 0;
| }
configure:4210: result: no
configure:4217: checking for main in -lieee
configure:4236: gcc -o conftest  -pipe   conftest.c -lieee   >&5
/usr/bin/ld: cannot find -lieee
collect2: error: ld returned 1 exit status
configure:4236: $? = 1
configure: failed program was:
| /* confdefs.h */
| #define PACKAGE_NAME ""
| #define PACKAGE_TARNAME ""
| #define PACKAGE_VERSION ""
| #define PACKAGE_STRING ""
| #define PACKAGE_BUGREPORT ""
| #define PACKAGE_URL ""
| #define STDC_HEADERS 1
| #define HAVE_SYS_TYPES_H 1
| #define HAVE_SYS_STAT_H 1
| #define HAVE_STDLIB_H 1
| #define HAVE_STRING_H 1
| #define HAVE_MEMORY_H 1
| #define HAVE_STRINGS_H 1
| #define HAVE_INTTYPES_H 1
| #define HAVE_STDINT_H 1
| #define HAVE_UNISTD_H 1
| #define HAVE_LIMITS_H 1
| #define HAVE_UNISTD_H 1
| #define HAVE_SYS_PARAM_H 1
| /* end confdefs.h.  */
| 
| 
| int
| main ()
| {
| return main ();
|   ;
|   return 0;
| }
configure:4245: result: no
configure:4257: checking for main in -linet
configure:4276: gcc -o conftest  -pipe   conftest.c -linet   >&5
/usr/bin/ld: cannot find -linet
collect2: error: ld returned 1 exit status
configure:4276: $? = 1
configure: failed program was:
| /* confdefs.h */
| #define PACKAGE_NAME ""
| #define PACKAGE_TARNAME ""
| #define PACKAGE_VERSION ""
| #define PACKAGE_STRING ""
| #define PACKAGE_BUGREPORT ""
| #define PACKAGE_URL ""
| #define STDC_HEADERS 1
| #define HAVE_SYS_TYPES_H 1
| #define HAVE_SYS_STAT_H 1
| #define HAVE_STDLIB_H 1
| #define HAVE_STRING_H 1
| #define HAVE_MEMORY_H 1
| #define HAVE_STRINGS_H 1
| #define HAVE_INTTYPES_H 1
| #define HAVE_STDINT_H 1
| #define HAVE_UNISTD_H 1
| #define HAVE_LIMITS_H 1
| #define HAVE_UNISTD_H 1
| #define HAVE_SYS_PARAM_H 1
| /* end confdefs.h.  */
| 
| 
| int
| main ()
| {
| return main ();
|   ;
|   return 0;
| }
configure:4285: result: no
configure:4291: checking net/errno.h usability
configure:4291: gcc -c  -pipe  conftest.c >&5
conftest.c:55:10: fatal error: net/errno.h: No such file or directory
   55 | #include <net/errno.h>
      |          ^~~~~~~~~~~~~
compilation terminated.
configure:4291: $? = 1
configure: failed program was:
| /* confdefs.h */
| #define PACKAGE_NAME ""
| #define PACKAGE_TARNAME ""
| #define PACKAGE_VERSION ""
| #define PACKAGE_STRING ""
| #define PACKAGE_BUGREPORT ""
| #define PACKAGE_URL ""
| #define STDC_HEADERS 1
| #define HAVE_SYS_TYPES_H 1
| #define HAVE_SYS_STAT_H 1
| #define HAVE_STDLIB_H 1
| #define HAVE_STRING_H 1
| #define HAVE_MEMORY_H 1
| #define HAVE_STRINGS_H 1
| #define HAVE_INTTYPES_H 1
| #define HAVE_STDINT_H 1
| #define HAVE_UNISTD_H 1
| #define HAVE_LIMITS_H 1
| #define HAVE_UNISTD_H 1
| #define HAVE_SYS_PARAM_H 1
| /* end confdefs.h.  */
| #include <stdio.h>
| #ifdef HAVE_SYS_TYPES_H
| # include <sys/types.h>
| #endif
| #ifdef HAVE_SYS_STAT_H
| # include <sys/stat.h>
| #endif
| #ifdef STDC_HEADERS
| # include <stdlib.h>
| # include <stddef.h>
| #else
| # ifdef HAVE_STDLIB_H
| #  include <stdlib.h>
| # endif
| #endif
| #ifdef HAVE_STRING_H
| # if !defined STDC_HEADERS && defined HAVE_MEMORY_H
| #  include <memory.h>
| # endif
| # include <string.h>
| #endif
| #ifdef HAVE_STRINGS_H
| # include <strings.h>
| #endif
| #ifdef HAVE_INTTYPES_H
| # include <inttypes.h>
| #endif
| #ifdef HAVE_STDINT_H
| # include <stdint.h>
| #endif
| #ifdef HAVE_UNISTD_H
| # include <unistd.h>
| #endif
| #include <net/errno.h>
configure:4291: result: no
configure:4291: checking net/errno.h presence
configure:4291: gcc -E  conftest.c
conftest.c:22:10: fatal error: net/errno.h: No such file or directory
   22 | #include <net/errno.h>
      |          ^~~~~~~~~~~~~
compilation terminated.
configure:4291: $? = 1
configure: failed program was:
| /* confdefs.h */
| #define PACKAGE_NAME ""
| #define PACKAGE_TARNAME ""
| #define PACKAGE_VERSION ""
| #define PACKAGE_STRING ""
| #define PACKAGE_BUGREPORT ""
| #define PACKAGE_URL ""
| #define STDC_HEADERS 1
| #define HAVE_SYS_TYPES_H 1
| #define HAVE_SYS_STAT_H 1
| #define HAVE_STDLIB_H 1
| #define HAVE_STRING_H 1
| #define HAVE_MEMORY_H 1
| #define HAVE_STRINGS_H 1
| #define HAVE_INTTYPES_H 1
| #define HAVE_STDINT_H 1
| #define HAVE_UNISTD_H 1
| #define HAVE_LIMITS_H 1
| #define HAVE_UNISTD_H 1
| #define HAVE_SYS_PARAM_H 1
| /* end confdefs.h.  */
| #include <net/errno.h>
configure:4291: result: no
configure:4291: checking for net/errno.h
configure:4291: result: no
configure:4318: checking for connect
configure:4318: gcc -o conftest  -pipe   conftest.c  >&5
configure:4318: $? = 0
configure:4318: result: yes
configure:4386: checking for gethostbyname
configure:4386: gcc -o conftest  -pipe   conftest.c  >&5
configure:4386: $? = 0
configure:4386: result: yes
configure:4445: checking how to build libraries
configure:4467: result: static
configure:4524: checking for ranlib
configure:4540: found /usr/bin/ranlib
configure:4551: result: ranlib
configure:4577: checking if 64bit support is requested
configure:4586: result: no
configure:4591: checking if 64bit Sparc VIS support is requested
configure:4600: result: no
configure:4612: checking system version
configure:4640: result: Linux-5.15.0-1064-azure
configure:4648: checking for dlopen in -ldl
configure:4673: gcc -o conftest  -pipe   conftest.c -ldl   >&5
configure:4673: $? = 0
configure:4682: result: yes
configure:4716: checking for ar
configure:4732: found /usr/bin/ar
configure:4743: result: ar
configure:6490: checking for build with symbols
configure:6504: result: no
configure:6548: checking for required early compiler flags
configure:6566: gcc -c  -pipe  conftest.c >&5
configure:6566: $? = 0
configure:6612: gcc -c  -pipe  conftest.c >&5
conftest.c: In function 'main':
conftest.c:28:15: error: storage size of 'buf' isn't known
   28 | struct stat64 buf; int i = stat64("/", &buf);
      |               ^~~
conftest.c:28:28: warning: implicit declaration of function 'stat64'; did you mean 'stat'? [-Wimplicit-function-declaration]
   28 | struct stat64 buf; int i = stat64("/", &buf);
      |                            ^~~~~~
      |                            stat
configure:6612: $? = 1
configure: failed program was:
| /* confdefs.h */
| #define PACKAGE_NAME ""
| #define PACKAGE_TARNAME ""
| #define PACKAGE_VERSION ""
| #define PACKAGE_STRING ""
| #define PACKAGE_BUGREPORT ""
| #define PACKAGE_URL ""
| #define STDC_HEADERS 1
| #define HAVE_SYS_TYPES_H 1
| #define HAVE_SYS_STAT_H 1
| #define HAVE_STDLIB_H 1
| #define HAVE_STRING_H 1
| #define HAVE_MEMORY_H 1
| #define HAVE_STRINGS_H 1
| #define HAVE_INTTYPES_H 1
| #define HAVE_STDINT_H 1
| #define HAVE_UNISTD_H 1
| #define HAVE_LIMITS_H 1
| #define HAVE_UNISTD_H 1
| #define HAVE_SYS_PARAM_H 1
| #define STATIC_BUILD 1
| #define PEEK_XCLOSEIM 1
| /* end confdefs.h.  */
| #include <sys/stat.h>
| int
| main ()
| {
| struct stat64 buf; int i = stat64("/", &buf);
|   ;
|   return 0;
| }
configure:6627: gcc -c  -pipe  conftest.c >&5
configure:6627: $? = 0
configure:6658: gcc -c  -pipe  conftest.c >&5
conftest.c: In function 'main':
conftest.c:29:19: error: 'open64' undeclared (first use in this function)
   29 | char *p = (char *)open64;
      |                   ^~~~~~
conftest.c:29:19: note: each undeclared identifier is reported only once for each function it appears in
configure:6658: $? = 1
configure: failed program was:
| /* confdefs.h */
| #define PACKAGE_NAME ""
| #define PACKAGE_TARNAME ""
| #define PACKAGE_VERSION ""
| #define PACKAGE_STRING ""
| #define PACKAGE_BUGREPORT ""
| #define PACKAGE_URL ""
| #define STDC_HEADERS 1
| #define HAVE_SYS_TYPES_H 1
| #define HAVE_SYS_STAT_H 1
| #define HAVE_STDLIB_H 1
| #define HAVE_STRING_H 1
| #define HAVE_MEMORY_H 1
| #define HAVE_STRINGS_H 1
| #define HAVE_INTTYPES_H 1
| #define HAVE_STDINT_H 1
| #define HAVE_UNISTD_H 1
| #define HAVE_LIMITS_H 1
| #define HAVE_UNISTD_H 1
| #define HAVE_SYS_PARAM_H 1
| #define STATIC_BUILD 1
| #define PEEK_XCLOSEIM 1
| #define _LARGEFILE64_SOURCE 1
| /* end confdefs.h.  */
| #include <sys/stat.h>
| int
| main ()
| {
| char *p = (char *)open64;
|   ;
|   return 0;
| }
configure:6673: gcc -c  -pipe  conftest.c >&5
conftest.c: In function 'main':
conftest.c:30:19: error: 'open64' undeclared (first use in this function)
   30 | char *p = (char *)open64;
      |                   ^~~~~~
conftest.c:30:19: note: each undeclared identifier is reported only once for each function it appears in
configure:6673: $? = 1
configure: failed program was:
| /* confdefs.h */
| #define PACKAGE_NAME ""
| #define PACKAGE_TARNAME ""
| #define PACKAGE_VERSION ""
| #define PACKAGE_STRING ""
| #define PACKAGE_BUGREPORT ""
| #define PACKAGE_URL ""
| #define STDC_HEADERS 1
| #define HAVE_SYS_TYPES_H 1
| #define HAVE_SYS_STAT_H 1
| #define HAVE_STDLIB_H 1
| #define HAVE_STRING_H 1
| #define HAVE_MEMORY_H 1
| #define HAVE_STRINGS_H 1
| #define HAVE_INTTYPES_H 1
| #define HAVE_STDINT_H 1
| #define HAVE_UNISTD_H 1
| #define HAVE_LIMITS_H 1
| #define HAVE_UNISTD_H 1
| #define HAVE_SYS_PARAM_H 1
| #define STATIC_BUILD 1
| #define PEEK_XCLOSEIM 1
| #define _LARGEFILE64_SOURCE 1
| /* end confdefs.h.  */
| #define _LARGEFILE_SOURCE64 1
| #include <sys/stat.h>
| int
| main ()
| {
| char *p = (char *)open64;
|   ;
|   return 0;
| }
configure:6693: result:  _LARGEFILE64_SOURCE
configure:6699: checking for 64-bit integer type
configure:6718: gcc -c  -pipe  conftest.c >&5
conftest.c: In function 'main':
conftest.c:29:1: error: unknown type name '__int64'
   29 | __int64 value = (__int64) 0;
      | ^~~~~~~
conftest.c:29:18: error: '__int64' undeclared (first use in this function)
   29 | __int64 value = (__int64) 0;
      |                  ^~~~~~~
conftest.c:29:18: note: each undeclared identifier is reported only once for each function it appears in
conftest.c:29:27: error: expected ',' or ';' before numeric constant
   29 | __int64 value = (__int64) 0;
      |                           ^
configure:6718: $? = 1
configure: failed program was:
| /* confdefs.h */
| #define PACKAGE_NAME ""
| #define PACKAGE_TARNAME ""
| #define PACKAGE_VERSION ""
| #define PACKAGE_STRING ""
| #define PACKAGE_BUGREPORT ""
| #define PACKAGE_URL ""
| #define STDC_HEADERS 1
| #define HAVE_SYS_TYPES_H 1
| #define HAVE_SYS_STAT_H 1
| #define HAVE_STDLIB_H 1
| #define HAVE_STRING_H 1
| #define HAVE_MEMORY_H 1
| #define HAVE_STRINGS_H 1
| #define HAVE_INTTYPES_H 1
| #define HAVE_STDINT_H 1
| #define HAVE_UNISTD_H 1
| #define HAVE_LIMITS_H 1
| #define HAVE_UNISTD_H 1
| #define HAVE_SYS_PARAM_H 1
| #define STATIC_BUILD 1
| #define PEEK_XCLOSEIM 1
| #define _LARGEFILE64_SOURCE 1
| /* end confdefs.h.  */
| 
| int
| main ()
| {
| __int64 value = (__int64) 0;
|   ;
|   return 0;
| }
configure:6740: gcc -c  -pipe  conftest.c >&5
conftest.c: In function 'main':
conftest.c:30:21: error: duplicate case value
   30 |             case 1: case (sizeof(long long)==sizeof(long)): ;
      |                     ^~~~
conftest.c:30:13: note: previously used here
   30 |             case 1: case (sizeof(long long)==sizeof(long)): ;
      |             ^~~~
configure:6740: $? = 1
configure: failed program was:
| /* confdefs.h */
| #define PACKAGE_NAME ""
| #define PACKAGE_TARNAME ""
| #define PACKAGE_VERSION ""
| #define PACKAGE_STRING ""
| #define PACKAGE_BUGREPORT ""
| #define PACKAGE_URL ""
| #define STDC_HEADERS 1
| #define HAVE_SYS_TYPES_H 1
| #define HAVE_SYS_STAT_H 1
| #define HAVE_STDLIB_H 1
| #define HAVE_STRING_H 1
| #define HAVE_MEMORY_H 1
| #define HAVE_STRINGS_H 1
| #define HAVE_INTTYPES_H 1
| #define HAVE_STDINT_H 1
| #define HAVE_UNISTD_H 1
| #define HAVE_LIMITS_H 1
| #define HAVE_UNISTD_H 1
| #define HAVE_SYS_PARAM_H 1
| #define STATIC_BUILD 1
| #define PEEK_XCLOSEIM 1
| #define _LARGEFILE64_SOURCE 1
| /* end confdefs.h.  */
| 
| int
| main ()
| {
| switch (0) {
|             case 1: case (sizeof(long long)==sizeof(long)): ;
|         }
|   ;
|   return 0;
| }
configure:6749: result: using long
configure:6881: checking whether byte ordering is bigendian
configure:6896: gcc -c  -pipe  conftest.c >&5
conftest.c:27:9: error: unknown type name 'not'
   27 |         not a universal capable compiler
      |         ^~~
conftest.c:27:15: error: expected '=', ',', ';', 'asm' or '__attribute__' before 'universal'
   27 |         not a universal capable compiler
      |               ^~~~~~~~~
conftest.c:27:15: error: unknown type name 'universal'
configure:6896: $? = 1
configure: failed program was:
| /* confdefs.h */
| #define PACKAGE_NAME ""
| #define PACKAGE_TARNAME ""
| #define PACKAGE_VERSION ""
| #define PACKAGE_STRING ""
| #define PACKAGE_BUGREPORT ""
| #define PACKAGE_URL ""
| #define STDC_HEADERS 1
| #define HAVE_SYS_TYPES_H 1
| #define HAVE_SYS_STAT_H 1
| #define HAVE_STDLIB_H 1
| #define HAVE_STRING_H 1
| #define HAVE_MEMORY_H 1
| #define HAVE_STRINGS_H 1
| #define HAVE_INTTYPES_H 1
| #define HAVE_STDINT_H 1
| #define HAVE_UNISTD_H 1
| #define HAVE_LIMITS_H 1
| #define HAVE_UNISTD_H 1
| #define HAVE_SYS_PARAM_H 1
| #define STATIC_BUILD 1
| #define PEEK_XCLOSEIM 1
| #define _LARGEFILE64_SOURCE 1
| #define TCL_WIDE_INT_IS_LONG 1
| /* end confdefs.h.  */
| #ifndef __APPLE_CC__
| 	       not a universal capable compiler
| 	     #endif
| 	     typedef int dummy;
| 
configure:6941: gcc -c  -pipe  conftest.c >&5
configure:6941: $? = 0
configure:6959: gcc -c  -pipe  conftest.c >&5
conftest.c: In function 'main':
conftest.c:33:4: error: unknown type name 'not'; did you mean 'ino_t'?
   33 |    not big endian
      |    ^~~
      |    ino_t
conftest.c:33:12: error: expected '=', ',', ';', 'asm' or '__attribute__' before 'endian'
   33 |    not big endian
      |            ^~~~~~
configure:6959: $? = 1
configure: failed program was:
| /* confdefs.h */
| #define PACKAGE_NAME ""
| #define PACKAGE_TARNAME ""
| #define PACKAGE_VERSION ""
| #define PACKAGE_STRING ""
| #define PACKAGE_BUGREPORT ""
| #define PACKAGE_URL ""
| #define STDC_HEADERS 1
| #define HAVE_SYS_TYPES_H 1
| #define HAVE_SYS_STAT_H 1
| #define HAVE_STDLIB_H 1
| #define HAVE_STRING_H 1
| #define HAVE_MEMORY_H 1
| #define HAVE_STRINGS_H 1
| #define HAVE_INTTYPES_H 1
| #define HAVE_STDINT_H 1
| #define HAVE_UNISTD_H 1
| #define HAVE_LIMITS_H 1
| #define HAVE_UNISTD_H 1
| #define HAVE_SYS_PARAM_H 1
| #define STATIC_BUILD 1
| #define PEEK_XCLOSEIM 1
| #define _LARGEFILE64_SOURCE 1
| #define TCL_WIDE_INT_IS_LONG 1
| /* end confdefs.h.  */
| #include <sys/types.h>
| 		#include <sys/param.h>
| 
| int
| main ()
| {
| #if BYTE_ORDER != BIG_ENDIAN
| 		 not big endian
| 		#endif
| 
|   ;
|   return 0;
| }
configure:7087: result: no
configure:7114: checking for getcwd
configure:7114: gcc -o conftest  -pipe   -Wl,--export-dynamic conftest.c  >&5
configure:7114: $? = 0
configure:7114: result: yes
configure:7129: checking for opendir
configure:7129: gcc -o conftest  -pipe   -Wl,--export-dynamic conftest.c  >&5
configure:7129: $? = 0
configure:7129: result: yes
configure:7142: checking for strstr
configure:7142: gcc -o conftest  -pipe   -Wl,--export-dynamic conftest.c  >&5
conftest.c:51:6: warning: conflicting types for built-in function 'strstr'; expected 'char *(const char *, const char *)' [-Wbuiltin-declaration-mismatch]
   51 | char strstr ();
      |      ^~~~~~
conftest.c:39:1: note: 'strstr' is declared in header '<string.h>'
   38 | # include <limits.h>
   39 | #else
configure:7142: $? = 0
configure:7142: result: yes
configure:7155: checking for strtol
configure:7155: gcc -o conftest  -pipe   -Wl,--export-dynamic conftest.c  >&5
configure:7155: $? = 0
configure:7155: result: yes
configure:7168: checking for strtoll
configure:7168: gcc -o conftest  -pipe   -Wl,--export-dynamic conftest.c  >&5
configure:7168: $? = 0
configure:7168: result: yes
configure:7181: checking for strtoull
configure:7181: gcc -o conftest  -pipe   -Wl,--export-dynamic conftest.c  >&5
configure:7181: $? = 0
configure:7181: result: yes
configure:7194: checking for tmpnam
configure:7194: gcc -o conftest  -pipe   -Wl,--export-dynamic conftest.c  >&5
/usr/bin/ld: /tmp/ccWXqs7k.o: in function `main':
conftest.c:(.text+0xe): warning: the use of `tmpnam' is dangerous, better use `mkstemp'
configure:7194: $? = 0
configure:7194: result: yes
configure:7207: checking for waitpid
configure:7207: gcc -o conftest  -pipe   -Wl,--export-dynamic conftest.c  >&5
configure:7207: $? = 0
configure:7207: result: yes
configure:7221: checking for strerror
configure:7221: gcc -o conftest  -pipe   -Wl,--export-dynamic conftest.c  >&5
configure:7221: $? = 0
configure:7221: result: yes
configure:7229: checking for getwd
configure:7229: gcc -o conftest  -pipe   -Wl,--export-dynamic conftest.c  >&5
/usr/bin/ld: /tmp/ccHRfmQO.o: in function `main':
conftest.c:(.text+0xe): warning: the `getwd' function is dangerous and should not be used.
configure:7229: $? = 0
configure:7229: result: yes
configure:7237: checking for wait3
configure:7237: gcc -o conftest  -pipe   -Wl,--export-dynamic conftest.c  >&5
configure:7237: $? = 0
configure:7237: result: yes
configure:7245: checking for uname
configure:7245: gcc -o conftest  -pipe   -Wl,--export-dynamic conftest.c  >&5
configure:7245: $? = 0
configure:7245: result: yes
configure:7260: checking for realpath
configure:7260: gcc -o conftest  -pipe   -Wl,--export-dynamic conftest.c  >&5
configure:7260: $? = 0
configure:7260: result: yes
configure:7909: checking sys/modem.h usability
configure:7909: gcc -c  -pipe  conftest.c >&5
conftest.c:67:10: fatal error: sys/modem.h: No such file or directory
   67 | #include <sys/modem.h>
      |          ^~~~~~~~~~~~~
compilation terminated.
configure:7909: $? = 1
configure: failed program was:
| /* confdefs.h */
| #define PACKAGE_NAME ""
| #define PACKAGE_TARNAME ""
| #define PACKAGE_VERSION ""
| #define PACKAGE_STRING ""
| #define PACKAGE_BUGREPORT ""
| #define PACKAGE_URL ""
| #define STDC_HEADERS 1
| #define HAVE_SYS_TYPES_H 1
| #define HAVE_SYS_STAT_H 1
| #define HAVE_STDLIB_H 1
| #define HAVE_STRING_H 1
| #define HAVE_MEMORY_H 1
| #define HAVE_STRINGS_H 1
| #define HAVE_INTTYPES_H 1
| #define HAVE_STDINT_H 1
| #define HAVE_UNISTD_H 1
| #define HAVE_LIMITS_H 1
| #define HAVE_UNISTD_H 1
| #define HAVE_SYS_PARAM_H 1
| #define STATIC_BUILD 1
| #define PEEK_XCLOSEIM 1
| #define _LARGEFILE64_SOURCE 1
| #define TCL_WIDE_INT_IS_LONG 1
| #define HAVE_GETCWD 1
| #define HAVE_OPENDIR 1
| #define HAVE_STRSTR 1
| #define HAVE_STRTOL 1
| #define HAVE_STRTOLL 1
| #define HAVE_STRTOULL 1
| #define HAVE_TMPNAM 1
| #define HAVE_WAITPID 1
| /* end confdefs.h.  */
| #include <stdio.h>
| #ifdef HAVE_SYS_TYPES_H
| # include <sys/types.h>
| #endif
| #ifdef HAVE_SYS_STAT_H
| # include <sys/stat.h>
| #endif
| #ifdef STDC_HEADERS
| # include <stdlib.h>
| # include <stddef.h>
| #else
| # ifdef HAVE_STDLIB_H
| #  include <stdlib.h>
| # endif
| #endif
| #ifdef HAVE_STRING_H
| # if !defined STDC_HEADERS && defined HAVE_MEMORY_H
| #  include <memory.h>
| # endif
| # include <string.h>
| #endif
| #ifdef HAVE_STRINGS_H
| # include <strings.h>
| #endif
| #ifdef HAVE_INTTYPES_H
| # include <inttypes.h>
| #endif
| #ifdef HAVE_STDINT_H
| # include <stdint.h>
| #endif
| #ifdef HAVE_UNISTD_H
| # include <unistd.h>
| #endif
| #include <sys/modem.h>
configure:7909: result: no
configure:7909: checking sys/modem.h presence
configure:7909: gcc -E  conftest.c
conftest.c:34:10: fatal error: sys/modem.h: No such file or directory
   34 | #include <sys/modem.h>
      |          ^~~~~~~~~~~~~
compilation terminated.
configure:7909: $? = 1
configure: failed program was:
| /* confdefs.h */
| #define PACKAGE_NAME ""
| #define PACKAGE_TARNAME ""
| #define PACKAGE_VERSION ""
| #define PACKAGE_STRING ""
| #define PACKAGE_BUGREPORT ""
| #define PACKAGE_URL ""
| #define STDC_HEADERS 1
| #define HAVE_SYS_TYPES_H 1
| #define HAVE_SYS_STAT_H 1
| #define HAVE_STDLIB_H 1
| #define HAVE_STRING_H 1
| #define HAVE_MEMORY_H 1
| #define HAVE_STRINGS_H 1
| #define HAVE_INTTYPES_H 1
| #define HAVE_STDINT_H 1
| #define HAVE_UNISTD_H 1
| #define HAVE_LIMITS_H 1
| #define HAVE_UNISTD_H 1
| #define HAVE_SYS_PARAM_H 1
| #define STATIC_BUILD 1
| #define PEEK_XCLOSEIM 1
| #define _LARGEFILE64_SOURCE 1
| #define TCL_WIDE_INT_IS_LONG 1
| #define HAVE_GETCWD 1
| #define HAVE_OPENDIR 1
| #define HAVE_STRSTR 1
| #define HAVE_STRTOL 1
| #define HAVE_STRTOLL 1
| #define HAVE_STRTOULL 1
| #define HAVE_TMPNAM 1
| #define HAVE_WAITPID 1
| /* end confdefs.h.  */
| #include <sys/modem.h>
configure:7909: result: no
configure:7909: checking for sys/modem.h
configure:7909: result: no
configure:7919: checking termios vs. termio vs. sgtty
configure:7943: gcc -o conftest  -pipe   -Wl,--export-dynamic conftest.c  >&5
configure:7943: $? = 0
configure:7943: ./conftest
configure:7943: $? = 1
configure: program exited with status 1
configure: failed program was:
| /* confdefs.h */
| #define PACKAGE_NAME ""
| #define PACKAGE_TARNAME ""
| #define PACKAGE_VERSION ""
| #define PACKAGE_STRING ""
| #define PACKAGE_BUGREPORT ""
| #define PACKAGE_URL ""
| #define STDC_HEADERS 1
| #define HAVE_SYS_TYPES_H 1
| #define HAVE_SYS_STAT_H 1
| #define HAVE_STDLIB_H 1
| #define HAVE_STRING_H 1
| #define HAVE_MEMORY_H 1
| #define HAVE_STRINGS_H 1
| #define HAVE_INTTYPES_H 1
| #define HAVE_STDINT_H 1
| #define HAVE_UNISTD_H 1
| #define HAVE_LIMITS_H 1
| #define HAVE_UNISTD_H 1
| #define HAVE_SYS_PARAM_H 1
| #define STATIC_BUILD 1
| #define PEEK_XCLOSEIM 1
| #define _LARGEFILE64_SOURCE 1
| #define TCL_WIDE_INT_IS_LONG 1
| #define HAVE_GETCWD 1
| #define HAVE_OPENDIR 1
| #define HAVE_STRSTR 1
| #define HAVE_STRTOL 1
| #define HAVE_STRTOLL 1
| #define HAVE_STRTOULL 1
| #define HAVE_TMPNAM 1
| #define HAVE_WAITPID 1
| /* end confdefs.h.  */
| 
| #include <termios.h>
| 
| int main() {
|     struct termios t;
|     if (tcgetattr(0, &t) == 0) {
| 	cfsetospeed(&t, 0);
| 	t.c_cflag |= PARENB | PARODD | CSIZE | CSTOPB;
| 	return 0;
|     }
|     return 1;
| }
configure:7970: gcc -o conftest  -pipe   -Wl,--export-dynamic conftest.c  >&5
configure:7970: $? = 0
configure:7970: ./conftest
configure:7970: $? = 1
configure: program exited with status 1
configure: failed program was:
| /* confdefs.h */
| #define PACKAGE_NAME ""
| #define PACKAGE_TARNAME ""
| #define PACKAGE_VERSION ""
| #define PACKAGE_STRING ""
| #define PACKAGE_BUGREPORT ""
| #define PACKAGE_URL ""
| #define STDC_HEADERS 1
| #define HAVE_SYS_TYPES_H 1
| #define HAVE_SYS_STAT_H 1
| #define HAVE_STDLIB_H 1
| #define HAVE_STRING_H 1
| #define HAVE_MEMORY_H 1
| #define HAVE_STRINGS_H 1
| #define HAVE_INTTYPES_H 1
| #define HAVE_STDINT_H 1
| #define HAVE_UNISTD_H 1
| #define HAVE_LIMITS_H 1
| #define HAVE_UNISTD_H 1
| #define HAVE_SYS_PARAM_H 1
| #define STATIC_BUILD 1
| #define PEEK_XCLOSEIM 1
| #define _LARGEFILE64_SOURCE 1
| #define TCL_WIDE_INT_IS_LONG 1
| #define HAVE_GETCWD 1
| #define HAVE_OPENDIR 1
| #define HAVE_STRSTR 1
| #define HAVE_STRTOL 1
| #define HAVE_STRTOLL 1
| #define HAVE_STRTOULL 1
| #define HAVE_TMPNAM 1
| #define HAVE_WAITPID 1
| /* end confdefs.h.  */
| 
| #include <termio.h>
| 
| int main() {
|     struct termio t;
|     if (ioctl(0, TCGETA, &t) == 0) {
| 	t.c_cflag |= CBAUD | PARENB | PARODD | CSIZE | CSTOPB;
| 	return 0;
|     }
|     return 1;
| }
configure:7999: gcc -o conftest  -pipe   -Wl,--export-dynamic conftest.c  >&5
conftest.c: In function 'main':
conftest.c:38:19: error: storage size of 't' isn't known
   38 |     struct sgttyb t;
      |                   ^
conftest.c:39:18: error: 'TIOCGETP' undeclared (first use in this function); did you mean 'TIOCGETD'?
   39 |     if (ioctl(0, TIOCGETP, &t) == 0) {
      |                  ^~~~~~~~
      |                  TIOCGETD
conftest.c:39:18: note: each undeclared identifier is reported only once for each function it appears in
conftest.c:41:16: error: 'ODDP' undeclared (first use in this function)
   41 |  t.sg_flags |= ODDP | EVENP | RAW;
      |                ^~~~
conftest.c:41:23: error: 'EVENP' undeclared (first use in this function)
   41 |  t.sg_flags |= ODDP | EVENP | RAW;
      |                       ^~~~~
conftest.c:41:31: error: 'RAW' undeclared (first use in this function)
   41 |  t.sg_flags |= ODDP | EVENP | RAW;
      |                               ^~~
configure:7999: $? = 1
configure: program exited with status 1
configure: failed program was:
| /* confdefs.h */
| #define PACKAGE_NAME ""
| #define PACKAGE_TARNAME ""
| #define PACKAGE_VERSION ""
| #define PACKAGE_STRING ""
| #define PACKAGE_BUGREPORT ""
| #define PACKAGE_URL ""
| #define STDC_HEADERS 1
| #define HAVE_SYS_TYPES_H 1
| #define HAVE_SYS_STAT_H 1
| #define HAVE_STDLIB_H 1
| #define HAVE_STRING_H 1
| #define HAVE_MEMORY_H 1
| #define HAVE_STRINGS_H 1
| #define HAVE_INTTYPES_H 1
| #define HAVE_STDINT_H 1
| #define HAVE_UNISTD_H 1
| #define HAVE_LIMITS_H 1
| #define HAVE_UNISTD_H 1
| #define HAVE_SYS_PARAM_H 1
| #define STATIC_BUILD 1
| #define PEEK_XCLOSEIM 1
| #define _LARGEFILE64_SOURCE 1
| #define TCL_WIDE_INT_IS_LONG 1
| #define HAVE_GETCWD 1
| #define HAVE_OPENDIR 1
| #define HAVE_STRSTR 1
| #define HAVE_STRTOL 1
| #define HAVE_STRTOLL 1
| #define HAVE_STRTOULL 1
| #define HAVE_TMPNAM 1
| #define HAVE_WAITPID 1
| /* end confdefs.h.  */
| 
| #include <sgtty.h>
| 
| int main() {
|     struct sgttyb t;
|     if (ioctl(0, TIOCGETP, &t) == 0) {
| 	t.sg_ospeed = 0;
| 	t.sg_flags |= ODDP | EVENP | RAW;
| 	return 0;
|     }
|     return 1;
| }
configure:8030: gcc -o conftest  -pipe   -Wl,--export-dynamic conftest.c  >&5
configure:8030: $? = 0
configure:8030: ./conftest
configure:8030: $? = 0
configure:8102: result: termios
configure:8124: checking for fd_set in sys/types
configure:8141: gcc -c  -pipe  conftest.c >&5
configure:8141: $? = 0
configure:8148: result: yes
configure:8189: checking whether struct tm is in sys/time.h or time.h
configure:8209: gcc -c  -pipe  conftest.c >&5
configure:8209: $? = 0
configure:8216: result: time.h
configure:8227: checking sys/time.h usability
configure:8227: gcc -c  -pipe  conftest.c >&5
configure:8227: $? = 0
configure:8227: result: yes
configure:8227: checking sys/time.h presence
configure:8227: gcc -E  conftest.c
configure:8227: $? = 0
configure:8227: result: yes
configure:8227: checking for sys/time.h
configure:8227: result: yes
configure:8237: checking whether time.h and sys/time.h may both be included
configure:8257: gcc -c  -pipe  conftest.c >&5
configure:8257: $? = 0
configure:8264: result: yes
configure:8272: checking for struct tm.tm_zone
configure:8272: gcc -c  -pipe  conftest.c >&5
configure:8272: $? = 0
configure:8272: result: yes
configure:8343: checking for gmtime_r
configure:8343: gcc -o conftest  -pipe   -Wl,--export-dynamic conftest.c  >&5
configure:8343: $? = 0
configure:8343: result: yes
configure:8343: checking for localtime_r
configure:8343: gcc -o conftest  -pipe   -Wl,--export-dynamic conftest.c  >&5
configure:8343: $? = 0
configure:8343: result: yes
configure:8353: checking tm_tzadj in struct tm
configure:8370: gcc -c  -pipe  conftest.c >&5
conftest.c: In function 'main':
conftest.c:45:17: error: 'struct tm' has no member named 'tm_tzadj'
   45 | struct tm tm; tm.tm_tzadj;
      |                 ^
configure:8370: $? = 1
configure: failed program was:
| /* confdefs.h */
| #define PACKAGE_NAME ""
| #define PACKAGE_TARNAME ""
| #define PACKAGE_VERSION ""
| #define PACKAGE_STRING ""
| #define PACKAGE_BUGREPORT ""
| #define PACKAGE_URL ""
| #define STDC_HEADERS 1
| #define HAVE_SYS_TYPES_H 1
| #define HAVE_SYS_STAT_H 1
| #define HAVE_STDLIB_H 1
| #define HAVE_STRING_H 1
| #define HAVE_MEMORY_H 1
| #define HAVE_STRINGS_H 1
| #define HAVE_INTTYPES_H 1
| #define HAVE_STDINT_H 1
| #define HAVE_UNISTD_H 1
| #define HAVE_LIMITS_H 1
| #define HAVE_UNISTD_H 1
| #define HAVE_SYS_PARAM_H 1
| #define STATIC_BUILD 1
| #define PEEK_XCLOSEIM 1
| #define _LARGEFILE64_SOURCE 1
| #define TCL_WIDE_INT_IS_LONG 1
| #define HAVE_GETCWD 1
| #define HAVE_OPENDIR 1
| #define HAVE_STRSTR 1
| #define HAVE_STRTOL 1
| #define HAVE_STRTOLL 1
| #define HAVE_STRTOULL 1
| #define HAVE_TMPNAM 1
| #define HAVE_WAITPID 1
| #define USE_TERMIOS 1
| #define HAVE_SYS_TIME_H 1
| #define TIME_WITH_SYS_TIME 1
| #define HAVE_STRUCT_TM_TM_ZONE 1
| #define HAVE_TM_ZONE 1
| #define HAVE_GMTIME_R 1
| #define HAVE_LOCALTIME_R 1
| /* end confdefs.h.  */
| #include <time.h>
| int
| main ()
| {
| struct tm tm; tm.tm_tzadj;
|   ;
|   return 0;
| }
configure:8377: result: no
configure:8384: checking tm_gmtoff in struct tm
configure:8401: gcc -c  -pipe  conftest.c >&5
configure:8401: $? = 0
configure:8408: result: yes
configure:8419: checking long timezone variable
configure:8438: gcc -c  -pipe  conftest.c >&5
conftest.c: In function 'main':
conftest.c:48:6: warning: implicit declaration of function 'exit' [-Wimplicit-function-declaration]
   48 |      exit (0);
      |      ^~~~
conftest.c:48:6: warning: incompatible implicit declaration of built-in function 'exit'
conftest.c:43:1: note: include '<stdlib.h>' or provide a declaration of 'exit'
   42 | #include <time.h>
   43 | int
configure:8438: $? = 0
configure:8445: result: yes
configure:8493: checking for struct stat.st_blksize
configure:8493: gcc -c  -pipe  conftest.c >&5
configure:8493: $? = 0
configure:8493: result: yes
configure:8506: checking for fstatfs
configure:8506: gcc -o conftest  -pipe   -Wl,--export-dynamic conftest.c  >&5
configure:8506: $? = 0
configure:8506: result: yes
configure:8519: checking for working memcmp
configure:8562: gcc -o conftest  -pipe   -Wl,--export-dynamic conftest.c  >&5
configure:8562: $? = 0
configure:8562: ./conftest
configure:8562: $? = 0
configure:8572: result: yes
configure:8587: checking for memmove
configure:8587: gcc -o conftest  -pipe   -Wl,--export-dynamic conftest.c  >&5
conftest.c:68:6: warning: conflicting types for built-in function 'memmove'; expected 'void *(void *, const void *, long unsigned int)' [-Wbuiltin-declaration-mismatch]
   68 | char memmove ();
      |      ^~~~~~~
conftest.c:56:1: note: 'memmove' is declared in header '<string.h>'
   55 | # include <limits.h>
   56 | #else
configure:8587: $? = 0
configure:8587: result: yes
configure:8602: checking proper strstr implementation
configure:8620: gcc -o conftest  -pipe   -Wl,--export-dynamic conftest.c  >&5
conftest.c:46:13: warning: conflicting types for built-in function 'strstr'; expected 'char *(const char *, const char *)' [-Wbuiltin-declaration-mismatch]
   46 |  extern int strstr();
      |             ^~~~~~
conftest.c:1:1: note: 'strstr' is declared in header '<string.h>'
  +++ |+#include <string.h>
    1 | /* confdefs.h */
conftest.c: In function 'main':
conftest.c:49:6: warning: implicit declaration of function 'exit' [-Wimplicit-function-declaration]
   49 |      exit(strstr("\0test", "test") ? 1 : 0);
      |      ^~~~
conftest.c:49:6: warning: incompatible implicit declaration of built-in function 'exit'
conftest.c:1:1: note: include '<stdlib.h>' or provide a declaration of 'exit'
  +++ |+#include <stdlib.h>
    1 | /* confdefs.h */
configure:8620: $? = 0
configure:8620: ./conftest
configure:8620: $? = 0
configure:8630: result: ok
configure:8643: checking for strtoul
configure:8643: gcc -o conftest  -pipe   -Wl,--export-dynamic conftest.c  >&5
configure:8643: $? = 0
configure:8643: result: yes
configure:8651: checking proper strtoul implementation
configure:8676: gcc -o conftest  -pipe   -Wl,--export-dynamic conftest.c  >&5
conftest.c: In function 'main':
conftest.c:54:3: warning: implicit declaration of function 'exit' [-Wimplicit-function-declaration]
   54 |   exit(1);
      |   ^~~~
conftest.c:54:3: warning: incompatible implicit declaration of built-in function 'exit'
conftest.c:1:1: note: include '<stdlib.h>' or provide a declaration of 'exit'
  +++ |+#include <stdlib.h>
    1 | /* confdefs.h */
conftest.c:56:6: warning: incompatible implicit declaration of built-in function 'exit'
   56 |      exit(0);
      |      ^~~~
conftest.c:56:6: note: include '<stdlib.h>' or provide a declaration of 'exit'
configure:8676: $? = 0
configure:8676: ./conftest
configure:8676: $? = 0
configure:8686: result: ok
configure:8701: checking for strtod
configure:8701: gcc -o conftest  -pipe   -Wl,--export-dynamic conftest.c  >&5
configure:8701: $? = 0
configure:8701: result: yes
configure:8709: checking proper strtod implementation
configure:8734: gcc -o conftest  -pipe   -Wl,--export-dynamic conftest.c  >&5
conftest.c: In function 'main':
conftest.c:54:3: warning: implicit declaration of function 'exit' [-Wimplicit-function-declaration]
   54 |   exit(1);
      |   ^~~~
conftest.c:54:3: warning: incompatible implicit declaration of built-in function 'exit'
conftest.c:1:1: note: include '<stdlib.h>' or provide a declaration of 'exit'
  +++ |+#include <stdlib.h>
    1 | /* confdefs.h */
conftest.c:56:6: warning: incompatible implicit declaration of built-in function 'exit'
   56 |      exit(0);
      |      ^~~~
conftest.c:56:6: note: include '<stdlib.h>' or provide a declaration of 'exit'
configure:8734: $? = 0
configure:8734: ./conftest
configure:8734: $? = 0
configure:8744: result: ok
configure:8762: checking for strtod
configure:8762: result: yes
configure:8770: checking for Solaris2.4/Tru64 strtod bugs
configure:8802: gcc -o conftest  -pipe   -Wl,--export-dynamic conftest.c  >&5
conftest.c: In function 'main':
conftest.c:53:4: warning: implicit declaration of function 'exit' [-Wimplicit-function-declaration]
   53 |    exit(1);
      |    ^~~~
conftest.c:53:4: warning: incompatible implicit declaration of built-in function 'exit'
conftest.c:1:1: note: include '<stdlib.h>' or provide a declaration of 'exit'
  +++ |+#include <stdlib.h>
    1 | /* confdefs.h */
conftest.c:57:4: warning: incompatible implicit declaration of built-in function 'exit'
   57 |    exit(1);
      |    ^~~~
conftest.c:57:4: note: include '<stdlib.h>' or provide a declaration of 'exit'
conftest.c:61:4: warning: incompatible implicit declaration of built-in function 'exit'
   61 |    exit(1);
      |    ^~~~
conftest.c:61:4: note: include '<stdlib.h>' or provide a declaration of 'exit'
conftest.c:63:7: warning: incompatible implicit declaration of built-in function 'exit'
   63 |       exit(0);
      |       ^~~~
conftest.c:63:7: note: include '<stdlib.h>' or provide a declaration of 'exit'
configure:8802: $? = 0
configure:8802: ./conftest
configure:8802: $? = 0
configure:8812: result: ok
configure:8827: checking for mode_t
configure:8827: gcc -c  -pipe  conftest.c >&5
configure:8827: $? = 0
configure:8827: gcc -c  -pipe  conftest.c >&5
conftest.c: In function 'main':
conftest.c:81:21: error: expected expression before ')' token
   81 | if (sizeof ((mode_t)))
      |                     ^
configure:8827: $? = 1
configure: failed program was:
| /* confdefs.h */
| #define PACKAGE_NAME ""
| #define PACKAGE_TARNAME ""
| #define PACKAGE_VERSION ""
| #define PACKAGE_STRING ""
| #define PACKAGE_BUGREPORT ""
| #define PACKAGE_URL ""
| #define STDC_HEADERS 1
| #define HAVE_SYS_TYPES_H 1
| #define HAVE_SYS_STAT_H 1
| #define HAVE_STDLIB_H 1
| #define HAVE_STRING_H 1
| #define HAVE_MEMORY_H 1
| #define HAVE_STRINGS_H 1
| #define HAVE_INTTYPES_H 1
| #define HAVE_STDINT_H 1
| #define HAVE_UNISTD_H 1
| #define HAVE_LIMITS_H 1
| #define HAVE_UNISTD_H 1
| #define HAVE_SYS_PARAM_H 1
| #define STATIC_BUILD 1
| #define PEEK_XCLOSEIM 1
| #define _LARGEFILE64_SOURCE 1
| #define TCL_WIDE_INT_IS_LONG 1
| #define HAVE_GETCWD 1
| #define HAVE_OPENDIR 1
| #define HAVE_STRSTR 1
| #define HAVE_STRTOL 1
| #define HAVE_STRTOLL 1
| #define HAVE_STRTOULL 1
| #define HAVE_TMPNAM 1
| #define HAVE_WAITPID 1
| #define USE_TERMIOS 1
| #define HAVE_SYS_TIME_H 1
| #define TIME_WITH_SYS_TIME 1
| #define HAVE_STRUCT_TM_TM_ZONE 1
| #define HAVE_TM_ZONE 1
| #define HAVE_GMTIME_R 1
| #define HAVE_LOCALTIME_R 1
| #define HAVE_TM_GMTOFF 1
| #define HAVE_TIMEZONE_VAR 1
| #define HAVE_STRUCT_STAT_ST_BLKSIZE 1
| #define HAVE_ST_BLKSIZE 1
| /* end confdefs.h.  */
| #include <stdio.h>
| #ifdef HAVE_SYS_TYPES_H
| # include <sys/types.h>
| #endif
| #ifdef HAVE_SYS_STAT_H
| # include <sys/stat.h>
| #endif
| #ifdef STDC_HEADERS
| # include <stdlib.h>
| # include <stddef.h>
| #else
| # ifdef HAVE_STDLIB_H
| #  include <stdlib.h>
| # endif
| #endif
| #ifdef HAVE_STRING_H
| # if !defined STDC_HEADERS && defined HAVE_MEMORY_H
| #  include <memory.h>
| # endif
| # include <string.h>
| #endif
| #ifdef HAVE_STRINGS_H
| # include <strings.h>
| #endif
| #ifdef HAVE_INTTYPES_H
| # include <inttypes.h>
| #endif
| #ifdef HAVE_STDINT_H
| # include <stdint.h>
| #endif
| #ifdef HAVE_UNISTD_H
| # include <unistd.h>
| #endif
| int
| main ()
| {
| if (sizeof ((mode_t)))
| 	    return 0;
|   ;
|   return 0;
| }
configure:8827: result: yes
configure:8838: checking for pid_t
configure:8838: gcc -c  -pipe  conftest.c >&5
configure:8838: $? = 0
configure:8838: gcc -c  -pipe  conftest.c >&5
conftest.c: In function 'main':
conftest.c:81:20: error: expected expression before ')' token
   81 | if (sizeof ((pid_t)))
      |                    ^
configure:8838: $? = 1
configure: failed program was:
| /* confdefs.h */
| #define PACKAGE_NAME ""
| #define PACKAGE_TARNAME ""
| #define PACKAGE_VERSION ""
| #define PACKAGE_STRING ""
| #define PACKAGE_BUGREPORT ""
| #define PACKAGE_URL ""
| #define STDC_HEADERS 1
| #define HAVE_SYS_TYPES_H 1
| #define HAVE_SYS_STAT_H 1
| #define HAVE_STDLIB_H 1
| #define HAVE_STRING_H 1
| #define HAVE_MEMORY_H 1
| #define HAVE_STRINGS_H 1
| #define HAVE_INTTYPES_H 1
| #define HAVE_STDINT_H 1
| #define HAVE_UNISTD_H 1
| #define HAVE_LIMITS_H 1
| #define HAVE_UNISTD_H 1
| #define HAVE_SYS_PARAM_H 1
| #define STATIC_BUILD 1
| #define PEEK_XCLOSEIM 1
| #define _LARGEFILE64_SOURCE 1
| #define TCL_WIDE_INT_IS_LONG 1
| #define HAVE_GETCWD 1
| #define HAVE_OPENDIR 1
| #define HAVE_STRSTR 1
| #define HAVE_STRTOL 1
| #define HAVE_STRTOLL 1
| #define HAVE_STRTOULL 1
| #define HAVE_TMPNAM 1
| #define HAVE_WAITPID 1
| #define USE_TERMIOS 1
| #define HAVE_SYS_TIME_H 1
| #define TIME_WITH_SYS_TIME 1
| #define HAVE_STRUCT_TM_TM_ZONE 1
| #define HAVE_TM_ZONE 1
| #define HAVE_GMTIME_R 1
| #define HAVE_LOCALTIME_R 1
| #define HAVE_TM_GMTOFF 1
| #define HAVE_TIMEZONE_VAR 1
| #define HAVE_STRUCT_STAT_ST_BLKSIZE 1
| #define HAVE_ST_BLKSIZE 1
| /* end confdefs.h.  */
| #include <stdio.h>
| #ifdef HAVE_SYS_TYPES_H
| # include <sys/types.h>
| #endif
| #ifdef HAVE_SYS_STAT_H
| # include <sys/stat.h>
| #endif
| #ifdef STDC_HEADERS
| # include <stdlib.h>
| # include <stddef.h>
| #else
| # ifdef HAVE_STDLIB_H
| #  include <stdlib.h>
| # endif
| #endif
| #ifdef HAVE_STRING_H
| # if !defined STDC_HEADERS && defined HAVE_MEMORY_H
| #  include <memory.h>
| # endif
| # include <string.h>
| #endif
| #ifdef HAVE_STRINGS_H
| # include <strings.h>
| #endif
| #ifdef HAVE_INTTYPES_H
| # include <inttypes.h>
| #endif
| #ifdef HAVE_STDINT_H
| # include <stdint.h>
| #endif
| #ifdef HAVE_UNISTD_H
| # include <unistd.h>
| #endif
| int
| main ()
| {
| if (sizeof ((pid_t)))
| 	    return 0;
|   ;
|   return 0;
| }
configure:8838: result: yes
configure:8849: checking for size_t
configure:8849: gcc -c  -pipe  conftest.c >&5
configure:8849: $? = 0
configure:8849: gcc -c  -pipe  conftest.c >&5
conftest.c: In function 'main':
conftest.c:81:21: error: expected expression before ')' token
   81 | if (sizeof ((size_t)))
      |                     ^
configure:8849: $? = 1
configure: failed program was:
| /* confdefs.h */
| #define PACKAGE_NAME ""
| #define PACKAGE_TARNAME ""
| #define PACKAGE_VERSION ""
| #define PACKAGE_STRING ""
| #define PACKAGE_BUGREPORT ""
| #define PACKAGE_URL ""
| #define STDC_HEADERS 1
| #define HAVE_SYS_TYPES_H 1
| #define HAVE_SYS_STAT_H 1
| #define HAVE_STDLIB_H 1
| #define HAVE_STRING_H 1
| #define HAVE_MEMORY_H 1
| #define HAVE_STRINGS_H 1
| #define HAVE_INTTYPES_H 1
| #define HAVE_STDINT_H 1
| #define HAVE_UNISTD_H 1
| #define HAVE_LIMITS_H 1
| #define HAVE_UNISTD_H 1
| #define HAVE_SYS_PARAM_H 1
| #define STATIC_BUILD 1
| #define PEEK_XCLOSEIM 1
| #define _LARGEFILE64_SOURCE 1
| #define TCL_WIDE_INT_IS_LONG 1
| #define HAVE_GETCWD 1
| #define HAVE_OPENDIR 1
| #define HAVE_STRSTR 1
| #define HAVE_STRTOL 1
| #define HAVE_STRTOLL 1
| #define HAVE_STRTOULL 1
| #define HAVE_TMPNAM 1
| #define HAVE_WAITPID 1
| #define USE_TERMIOS 1
| #define HAVE_SYS_TIME_H 1
| #define TIME_WITH_SYS_TIME 1
| #define HAVE_STRUCT_TM_TM_ZONE 1
| #define HAVE_TM_ZONE 1
| #define HAVE_GMTIME_R 1
| #define HAVE_LOCALTIME_R 1
| #define HAVE_TM_GMTOFF 1
| #define HAVE_TIMEZONE_VAR 1
| #define HAVE_STRUCT_STAT_ST_BLKSIZE 1
| #define HAVE_ST_BLKSIZE 1
| /* end confdefs.h.  */
| #include <stdio.h>
| #ifdef HAVE_SYS_TYPES_H
| # include <sys/types.h>
| #endif
| #ifdef HAVE_SYS_STAT_H
| # include <sys/stat.h>
| #endif
| #ifdef STDC_HEADERS
| # include <stdlib.h>
| # include <stddef.h>
| #else
| # ifdef HAVE_STDLIB_H
| #  include <stdlib.h>
| # endif
| #endif
| #ifdef HAVE_STRING_H
| # if !defined STDC_HEADERS && defined HAVE_MEMORY_H
| #  include <memory.h>
| # endif
| # include <string.h>
| #endif
| #ifdef HAVE_STRINGS_H
| # include <strings.h>
| #endif
| #ifdef HAVE_INTTYPES_H
| # include <inttypes.h>
| #endif
| #ifdef HAVE_STDINT_H
| # include <stdint.h>
| #endif
| #ifdef HAVE_UNISTD_H
| # include <unistd.h>
| #endif
| int
| main ()
| {
| if (sizeof ((size_t)))
| 	    return 0;
|   ;
|   return 0;
| }
configure:8849: result: yes
configure:8860: checking for uid_t in sys/types.h
configure:8879: result: yes
configure:8891: checking for socklen_t
configure:8917: result: yes
configure:8931: checking for opendir
configure:8931: result: yes
configure:8948: checking union wait
configure:8970: gcc -o conftest  -pipe   -Wl,--export-dynamic conftest.c  >&5
conftest.c: In function 'main':
conftest.c:51:12: error: storage size of 'x' isn't known
   51 | union wait x;
      |            ^
configure:8970: $? = 1
configure: failed program was:
| /* confdefs.h */
| #define PACKAGE_NAME ""
| #define PACKAGE_TARNAME ""
| #define PACKAGE_VERSION ""
| #define PACKAGE_STRING ""
| #define PACKAGE_BUGREPORT ""
| #define PACKAGE_URL ""
| #define STDC_HEADERS 1
| #define HAVE_SYS_TYPES_H 1
| #define HAVE_SYS_STAT_H 1
| #define HAVE_STDLIB_H 1
| #define HAVE_STRING_H 1
| #define HAVE_MEMORY_H 1
| #define HAVE_STRINGS_H 1
| #define HAVE_INTTYPES_H 1
| #define HAVE_STDINT_H 1
| #define HAVE_UNISTD_H 1
| #define HAVE_LIMITS_H 1
| #define HAVE_UNISTD_H 1
| #define HAVE_SYS_PARAM_H 1
| #define STATIC_BUILD 1
| #define PEEK_XCLOSEIM 1
| #define _LARGEFILE64_SOURCE 1
| #define TCL_WIDE_INT_IS_LONG 1
| #define HAVE_GETCWD 1
| #define HAVE_OPENDIR 1
| #define HAVE_STRSTR 1
| #define HAVE_STRTOL 1
| #define HAVE_STRTOLL 1
| #define HAVE_STRTOULL 1
| #define HAVE_TMPNAM 1
| #define HAVE_WAITPID 1
| #define USE_TERMIOS 1
| #define HAVE_SYS_TIME_H 1
| #define TIME_WITH_SYS_TIME 1
| #define HAVE_STRUCT_TM_TM_ZONE 1
| #define HAVE_TM_ZONE 1
| #define HAVE_GMTIME_R 1
| #define HAVE_LOCALTIME_R 1
| #define HAVE_TM_GMTOFF 1
| #define HAVE_TIMEZONE_VAR 1
| #define HAVE_STRUCT_STAT_ST_BLKSIZE 1
| #define HAVE_ST_BLKSIZE 1
| /* end confdefs.h.  */
| #include <sys/types.h>
| #include <sys/wait.h>
| int
| main ()
| {
| 
| union wait x;
| WIFEXITED(x);		/* Generates compiler error if WIFEXITED
| 			 * uses an int. */
| 
|   ;
|   return 0;
| }
configure:8978: result: no
configure:8991: checking for strncasecmp
configure:8991: gcc -o conftest  -pipe   -Wl,--export-dynamic conftest.c  >&5
conftest.c:69:6: warning: conflicting types for built-in function 'strncasecmp'; expected 'int(const char *, const char *, long unsigned int)' [-Wbuiltin-declaration-mismatch]
   69 | char strncasecmp ();
      |      ^~~~~~~~~~~
configure:8991: $? = 0
configure:8991: result: yes
configure:9101: checking for BSDgettimeofday
configure:9101: gcc -o conftest  -pipe   -Wl,--export-dynamic conftest.c  >&5
/usr/bin/ld: /tmp/ccTkK19u.o: in function `main':
conftest.c:(.text+0xe): undefined reference to `BSDgettimeofday'
collect2: error: ld returned 1 exit status
configure:9101: $? = 1
configure: failed program was:
| /* confdefs.h */
| #define PACKAGE_NAME ""
| #define PACKAGE_TARNAME ""
| #define PACKAGE_VERSION ""
| #define PACKAGE_STRING ""
| #define PACKAGE_BUGREPORT ""
| #define PACKAGE_URL ""
| #define STDC_HEADERS 1
| #define HAVE_SYS_TYPES_H 1
| #define HAVE_SYS_STAT_H 1
| #define HAVE_STDLIB_H 1
| #define HAVE_STRING_H 1
| #define HAVE_MEMORY_H 1
| #define HAVE_STRINGS_H 1
| #define HAVE_INTTYPES_H 1
| #define HAVE_STDINT_H 1
| #define HAVE_UNISTD_H 1
| #define HAVE_LIMITS_H 1
| #define HAVE_UNISTD_H 1
| #define HAVE_SYS_PARAM_H 1
| #define STATIC_BUILD 1
| #define PEEK_XCLOSEIM 1
| #define _LARGEFILE64_SOURCE 1
| #define TCL_WIDE_INT_IS_LONG 1
| #define HAVE_GETCWD 1
| #define HAVE_OPENDIR 1
| #define HAVE_STRSTR 1
| #define HAVE_STRTOL 1
| #define HAVE_STRTOLL 1
| #define HAVE_STRTOULL 1
| #define HAVE_TMPNAM 1
| #define HAVE_WAITPID 1
| #define USE_TERMIOS 1
| #define HAVE_SYS_TIME_H 1
| #define TIME_WITH_SYS_TIME 1
| #define HAVE_STRUCT_TM_TM_ZONE 1
| #define HAVE_TM_ZONE 1
| #define HAVE_GMTIME_R 1
| #define HAVE_LOCALTIME_R 1
| #define HAVE_TM_GMTOFF 1
| #define HAVE_TIMEZONE_VAR 1
| #define HAVE_STRUCT_STAT_ST_BLKSIZE 1
| #define HAVE_ST_BLKSIZE 1
| #define NO_UNION_WAIT 1
| /* end confdefs.h.  */
| /* Define BSDgettimeofday to an innocuous variant, in case <limits.h> declares BSDgettimeofday.
|    For example, HP-UX 11i <limits.h> declares gettimeofday.  */
| #define BSDgettimeofday innocuous_BSDgettimeofday
| 
| /* System header to define __stub macros and hopefully few prototypes,
|     which can conflict with char BSDgettimeofday (); below.
|     Prefer <limits.h> to <assert.h> if __STDC__ is defined, since
|     <limits.h> exists even on freestanding compilers.  */
| 
| #ifdef __STDC__
| # include <limits.h>
| #else
| # include <assert.h>
| #endif
| 
| #undef BSDgettimeofday
| 
| /* Override any GCC internal prototype to avoid an error.
|    Use char because int might match the return type of a GCC
|    builtin and then its argument prototype would still apply.  */
| #ifdef __cplusplus
| extern "C"
| #endif
| char BSDgettimeofday ();
| /* The GNU C library defines this for functions which it implements
|     to always fail with ENOSYS.  Some functions are actually named
|     something starting with __ and the normal name is an alias.  */
| #if defined __stub_BSDgettimeofday || defined __stub___BSDgettimeofday
| choke me
| #endif
| 
| int
| main ()
| {
| return BSDgettimeofday ();
|   ;
|   return 0;
| }
configure:9101: result: no
configure:9107: checking for gettimeofday
configure:9107: gcc -o conftest  -pipe   -Wl,--export-dynamic conftest.c  >&5
configure:9107: $? = 0
configure:9107: result: yes
configure:9118: checking for gettimeofday declaration
configure:9138: result: present
configure:9151: checking whether char is unsigned
configure:9170: gcc -c  -pipe  conftest.c >&5
configure:9170: $? = 0
configure:9177: result: no
configure:9184: checking signed char declarations
configure:9204: gcc -c  -pipe  conftest.c >&5
configure:9204: $? = 0
configure:9211: result: yes
configure:9222: checking for a putenv() that copies the buffer
configure:9253: gcc -o conftest  -pipe   -Wl,--export-dynamic conftest.c  >&5
conftest.c: In function 'main':
conftest.c:53:20: warning: implicit declaration of function 'strdup' [-Wimplicit-function-declaration]
   53 |      foo = (char *)strdup(OURVAR);
      |                    ^~~~~~
conftest.c:53:20: warning: incompatible implicit declaration of built-in function 'strdup'
conftest.c:55:6: warning: implicit declaration of function 'strcpy' [-Wimplicit-function-declaration]
   55 |      strcpy((char *)(strchr(foo, '=') + 1), "no");
      |      ^~~~~~
conftest.c:55:6: warning: incompatible implicit declaration of built-in function 'strcpy'
conftest.c:49:1: note: include '<string.h>' or provide a declaration of 'strcpy'
   48 |  #include <stdlib.h>
  +++ |+#include <string.h>
   49 |  #define OURVAR "havecopy=yes"
conftest.c:55:22: warning: implicit declaration of function 'strchr' [-Wimplicit-function-declaration]
   55 |      strcpy((char *)(strchr(foo, '=') + 1), "no");
      |                      ^~~~~~
conftest.c:55:22: warning: incompatible implicit declaration of built-in function 'strchr'
conftest.c:55:22: note: include '<string.h>' or provide a declaration of 'strchr'
conftest.c:57:11: warning: implicit declaration of function 'strcmp' [-Wimplicit-function-declaration]
   57 |      if (!strcmp(bar, "no")) {
      |           ^~~~~~
configure:9253: $? = 0
configure:9253: ./conftest
configure:9253: $? = 0
configure:9263: result: no
configure:9285: checking langinfo.h usability
configure:9285: gcc -c  -pipe  conftest.c >&5
configure:9285: $? = 0
configure:9285: result: yes
configure:9285: checking langinfo.h presence
configure:9285: gcc -E  conftest.c
configure:9285: $? = 0
configure:9285: result: yes
configure:9285: checking for langinfo.h
configure:9285: result: yes
configure:9294: checking whether to use nl_langinfo
configure:9312: gcc -c  -pipe  conftest.c >&5
configure:9312: $? = 0
configure:9320: result: yes
configure:9464: checking for fts
configure:9489: gcc -o conftest  -pipe   -Wl,--export-dynamic conftest.c  >&5
configure:9489: $? = 0
configure:9497: result: yes
configure:9514: checking sys/ioctl.h usability
configure:9514: gcc -c  -pipe  conftest.c >&5
configure:9514: $? = 0
configure:9514: result: yes
configure:9514: checking sys/ioctl.h presence
configure:9514: gcc -E  conftest.c
configure:9514: $? = 0
configure:9514: result: yes
configure:9514: checking for sys/ioctl.h
configure:9514: result: yes
configure:9526: checking sys/filio.h usability
configure:9526: gcc -c  -pipe  conftest.c >&5
conftest.c:83:10: fatal error: sys/filio.h: No such file or directory
   83 | #include <sys/filio.h>
      |          ^~~~~~~~~~~~~
compilation terminated.
configure:9526: $? = 1
configure: failed program was:
| /* confdefs.h */
| #define PACKAGE_NAME ""
| #define PACKAGE_TARNAME ""
| #define PACKAGE_VERSION ""
| #define PACKAGE_STRING ""
| #define PACKAGE_BUGREPORT ""
| #define PACKAGE_URL ""
| #define STDC_HEADERS 1
| #define HAVE_SYS_TYPES_H 1
| #define HAVE_SYS_STAT_H 1
| #define HAVE_STDLIB_H 1
| #define HAVE_STRING_H 1
| #define HAVE_MEMORY_H 1
| #define HAVE_STRINGS_H 1
| #define HAVE_INTTYPES_H 1
| #define HAVE_STDINT_H 1
| #define HAVE_UNISTD_H 1
| #define HAVE_LIMITS_H 1
| #define HAVE_UNISTD_H 1
| #define HAVE_SYS_PARAM_H 1
| #define STATIC_BUILD 1
| #define PEEK_XCLOSEIM 1
| #define _LARGEFILE64_SOURCE 1
| #define TCL_WIDE_INT_IS_LONG 1
| #define HAVE_GETCWD 1
| #define HAVE_OPENDIR 1
| #define HAVE_STRSTR 1
| #define HAVE_STRTOL 1
| #define HAVE_STRTOLL 1
| #define HAVE_STRTOULL 1
| #define HAVE_TMPNAM 1
| #define HAVE_WAITPID 1
| #define USE_TERMIOS 1
| #define HAVE_SYS_TIME_H 1
| #define TIME_WITH_SYS_TIME 1
| #define HAVE_STRUCT_TM_TM_ZONE 1
| #define HAVE_TM_ZONE 1
| #define HAVE_GMTIME_R 1
| #define HAVE_LOCALTIME_R 1
| #define HAVE_TM_GMTOFF 1
| #define HAVE_TIMEZONE_VAR 1
| #define HAVE_STRUCT_STAT_ST_BLKSIZE 1
| #define HAVE_ST_BLKSIZE 1
| #define NO_UNION_WAIT 1
| #define HAVE_SIGNED_CHAR 1
| #define HAVE_LANGINFO 1
| #define HAVE_FTS 1
| #define HAVE_SYS_IOCTL_H 1
| /* end confdefs.h.  */
| #include <stdio.h>
| #ifdef HAVE_SYS_TYPES_H
| # include <sys/types.h>
| #endif
| #ifdef HAVE_SYS_STAT_H
| # include <sys/stat.h>
| #endif
| #ifdef STDC_HEADERS
| # include <stdlib.h>
| # include <stddef.h>
| #else
| # ifdef HAVE_STDLIB_H
| #  include <stdlib.h>
| # endif
| #endif
| #ifdef HAVE_STRING_H
| # if !defined STDC_HEADERS && defined HAVE_MEMORY_H
| #  include <memory.h>
| # endif
| # include <string.h>
| #endif
| #ifdef HAVE_STRINGS_H
| # include <strings.h>
| #endif
| #ifdef HAVE_INTTYPES_H
| # include <inttypes.h>
| #endif
| #ifdef HAVE_STDINT_H
| # include <stdint.h>
| #endif
| #ifdef HAVE_UNISTD_H
| # include <unistd.h>
| #endif
| #include <sys/filio.h>
configure:9526: result: no
configure:9526: checking sys/filio.h presence
configure:9526: gcc -E  conftest.c
conftest.c:50:10: fatal error: sys/filio.h: No such file or directory
   50 | #include <sys/filio.h>
      |          ^~~~~~~~~~~~~
compilation terminated.
configure:9526: $? = 1
configure: failed program was:
| /* confdefs.h */
| #define PACKAGE_NAME ""
| #define PACKAGE_TARNAME ""
| #define PACKAGE_VERSION ""
| #define PACKAGE_STRING ""
| #define PACKAGE_BUGREPORT ""
| #define PACKAGE_URL ""
| #define STDC_HEADERS 1
| #define HAVE_SYS_TYPES_H 1
| #define HAVE_SYS_STAT_H 1
| #define HAVE_STDLIB_H 1
| #define HAVE_STRING_H 1
| #define HAVE_MEMORY_H 1
| #define HAVE_STRINGS_H 1
| #define HAVE_INTTYPES_H 1
| #define HAVE_STDINT_H 1
| #define HAVE_UNISTD_H 1
| #define HAVE_LIMITS_H 1
| #define HAVE_UNISTD_H 1
| #define HAVE_SYS_PARAM_H 1
| #define STATIC_BUILD 1
| #define PEEK_XCLOSEIM 1
| #define _LARGEFILE64_SOURCE 1
| #define TCL_WIDE_INT_IS_LONG 1
| #define HAVE_GETCWD 1
| #define HAVE_OPENDIR 1
| #define HAVE_STRSTR 1
| #define HAVE_STRTOL 1
| #define HAVE_STRTOLL 1
| #define HAVE_STRTOULL 1
| #define HAVE_TMPNAM 1
| #define HAVE_WAITPID 1
| #define USE_TERMIOS 1
| #define HAVE_SYS_TIME_H 1
| #define TIME_WITH_SYS_TIME 1
| #define HAVE_STRUCT_TM_TM_ZONE 1
| #define HAVE_TM_ZONE 1
| #define HAVE_GMTIME_R 1
| #define HAVE_LOCALTIME_R 1
| #define HAVE_TM_GMTOFF 1
| #define HAVE_TIMEZONE_VAR 1
| #define HAVE_STRUCT_STAT_ST_BLKSIZE 1
| #define HAVE_ST_BLKSIZE 1
| #define NO_UNION_WAIT 1
| #define HAVE_SIGNED_CHAR 1
| #define HAVE_LANGINFO 1
| #define HAVE_FTS 1
| #define HAVE_SYS_IOCTL_H 1
| /* end confdefs.h.  */
| #include <sys/filio.h>
configure:9526: result: no
configure:9526: checking for sys/filio.h
configure:9526: result: no
configure:9537: checking system version
configure:9565: result: Linux-5.15.0-1064-azure
configure:9569: checking FIONBIO vs. O_NONBLOCK for nonblocking I/O
configure:9596: result: O_NONBLOCK
configure:9667: checking whether to enable DTrace support
configure:9678: result: no
configure:10071: creating ./config.status

## ---------------------- ##
## Running config.status. ##
## ---------------------- ##

This file was extended by config.status, which was
generated by GNU Autoconf 2.69.  Invocation command line was

  CONFIG_FILES    = 
  CONFIG_HEADERS  = 
  CONFIG_LINKS    = 
  CONFIG_COMMANDS = 
  $ ./config.status 

on ns

config.status:810: creating Makefile
config.status:909: WARNING:  'Makefile.in' seems to ignore the --datarootdir setting
config.status:810: creating dltest/Makefile
config.status:810: creating tclConfig.sh
configure:11096: WARNING: unrecognized options: --enable-gcc

## ---------------- ##
## Cache variables. ##
## ---------------- ##

ac_cv_c_bigendian=no
ac_cv_c_char_unsigned=no
ac_cv_c_compiler_gnu=yes
ac_cv_env_CC_set=
ac_cv_env_CC_value=
ac_cv_env_CFLAGS_set=
ac_cv_env_CFLAGS_value=
ac_cv_env_CPPFLAGS_set=
ac_cv_env_CPPFLAGS_value=
ac_cv_env_CPP_set=
ac_cv_env_CPP_value=
ac_cv_env_LDFLAGS_set=
ac_cv_env_LDFLAGS_value=
ac_cv_env_LIBS_set=
ac_cv_env_LIBS_value=
ac_cv_env_build_alias_set=
ac_cv_env_build_alias_value=
ac_cv_env_host_alias_set=
ac_cv_env_host_alias_value=
ac_cv_env_target_alias_set=
ac_cv_env_target_alias_value=
ac_cv_func_BSDgettimeofday=no
ac_cv_func_connect=yes
ac_cv_func_fstatfs=yes
ac_cv_func_getcwd=yes
ac_cv_func_gethostbyname=yes
ac_cv_func_gettimeofday=yes
ac_cv_func_getwd=yes
ac_cv_func_gmtime_r=yes
ac_cv_func_localtime_r=yes
ac_cv_func_memcmp_working=yes
ac_cv_func_memmove=yes
ac_cv_func_opendir=yes
ac_cv_func_realpath=yes
ac_cv_func_sin=no
ac_cv_func_strerror=yes
ac_cv_func_strncasecmp=yes
ac_cv_func_strstr=yes
ac_cv_func_strtod=yes
ac_cv_func_strtol=yes
ac_cv_func_strtoll=yes
ac_cv_func_strtoul=yes
ac_cv_func_strtoull=yes
ac_cv_func_tmpnam=yes
ac_cv_func_uname=yes
ac_cv_func_wait3=yes
ac_cv_func_waitpid=yes
ac_cv_header_dlfcn_h=yes
ac_cv_header_errno_h=yes
ac_cv_header_float_h=yes
ac_cv_header_inttypes_h=yes
ac_cv_header_langinfo_h=yes
ac_cv_header_limits_h=yes
ac_cv_header_memory_h=yes
ac_cv_header_net_errno_h=no
ac_cv_header_stdc=yes
ac_cv_header_stdint_h=yes
ac_cv_header_stdlib_h=yes
ac_cv_header_string_h=yes
ac_cv_header_strings_h=yes
ac_cv_header_sys_filio_h=no
ac_cv_header_sys_ioctl_h=yes
ac_cv_header_sys_modem_h=no
ac_cv_header_sys_param_h=yes
ac_cv_header_sys_stat_h=yes
ac_cv_header_sys_time_h=yes
ac_cv_header_sys_types_h=yes
ac_cv_header_sys_wait_h=yes
ac_cv_header_time=yes
ac_cv_header_unistd_h=yes
ac_cv_header_values_h=yes
ac_cv_lib_dl_dlopen=yes
ac_cv_lib_ieee_main=no
ac_cv_lib_inet_main=no
ac_cv_member_struct_stat_st_blksize=yes
ac_cv_member_struct_tm_tm_zone=yes
ac_cv_objext=o
ac_cv_path_EGREP='/usr/bin/grep -E'
ac_cv_path_GREP=/usr/bin/grep
ac_cv_prog_AR=ar
ac_cv_prog_CPP='gcc -E'
ac_cv_prog_ac_ct_CC=gcc
ac_cv_prog_ac_ct_RANLIB=ranlib
ac_cv_prog_cc_c89=
ac_cv_prog_cc_g=yes
ac_cv_struct_tm=time.h
ac_cv_type_mode_t=yes
ac_cv_type_pid_t=yes
ac_cv_type_size_t=yes
ac_cv_type_socklen_t=yes
ac_cv_type_uid_t=yes
tcl_cv_api_fts=yes
tcl_cv_api_serial=termios
tcl_cv_cc_pipe=yes
tcl_cv_char_signed=yes
tcl_cv_dirent_h=yes
tcl_cv_flag__isoc99_source=no
tcl_cv_flag__largefile64_source=yes
tcl_cv_flag__largefile_source64=no
tcl_cv_grep_gettimeofday=present
tcl_cv_langinfo_h=yes
tcl_cv_member_tm_gmtoff=yes
tcl_cv_member_tm_tzadj=no
tcl_cv_putenv_copy=no
tcl_cv_strstr_unbroken=ok
tcl_cv_strtod_buggy=ok
tcl_cv_strtod_unbroken=ok
tcl_cv_strtoul_unbroken=ok
tcl_cv_sys_version=Linux-5.15.0-1064-azure
tcl_cv_timezone_long=yes
tcl_cv_type_64bit=none
tcl_cv_type_fd_set=yes
tcl_cv_union_wait=no

## ----------------- ##
## Output variables. ##
## ----------------- ##

AR='ar'
BUILD_DLTEST='$(DLTEST_TARGETS)'
CC='gcc'
CC_SEARCH_FLAGS='-Wl,-rpath,${LIB_RUNTIME_DIR}'
CFG_TCL_EXPORT_FILE_SUFFIX=''
CFG_TCL_SHARED_LIB_SUFFIX='${VERSION}${DBGX}.so'
CFG_TCL_UNSHARED_LIB_SUFFIX='${VERSION}${DBGX}.a'
CFLAGS=' -pipe '
CFLAGS_DEBUG='-g'
CFLAGS_DEFAULT='$(CFLAGS_OPTIMIZE)'
CFLAGS_OPTIMIZE='-O2'
CFLAGS_WARNING='-Wall -Wno-implicit-int -fno-strict-aliasing'
CPP='gcc -E'
CPPFLAGS=''
DEFS='-DPACKAGE_NAME=\"\" -DPACKAGE_TARNAME=\"\" -DPACKAGE_VERSION=\"\" -DPACKAGE_STRING=\"\" -DPACKAGE_BUGREPORT=\"\" -DPACKAGE_URL=\"\" -DSTDC_HEADERS=1 -DHAVE_SYS_TYPES_H=1 -DHAVE_SYS_STAT_H=1 -DHAVE_STDLIB_H=1 -DHAVE_STRING_H=1 -DHAVE_MEMORY_H=1 -DHAVE_STRINGS_H=1 -DHAVE_INTTYPES_H=1 -DHAVE_STDINT_H=1 -DHAVE_UNISTD_H=1 -DHAVE_LIMITS_H=1 -DHAVE_UNISTD_H=1 -DHAVE_SYS_PARAM_H=1 -DSTATIC_BUILD=1 -DPEEK_XCLOSEIM=1 -D_LARGEFILE64_SOURCE=1 -DTCL_WIDE_INT_IS_LONG=1 -DHAVE_GETCWD=1 -DHAVE_OPENDIR=1 -DHAVE_STRSTR=1 -DHAVE_STRTOL=1 -DHAVE_STRTOLL=1 -DHAVE_STRTOULL=1 -DHAVE_TMPNAM=1 -DHAVE_WAITPID=1 -DUSE_TERMIOS=1 -DHAVE_SYS_TIME_H=1 -DTIME_WITH_SYS_TIME=1 -DHAVE_STRUCT_TM_TM_ZONE=1 -DHAVE_TM_ZONE=1 -DHAVE_GMTIME_R=1 -DHAVE_LOCALTIME_R=1 -DHAVE_TM_GMTOFF=1 -DHAVE_TIMEZONE_VAR=1 -DHAVE_STRUCT_STAT_ST_BLKSIZE=1 -DHAVE_ST_BLKSIZE=1 -DNO_UNION_WAIT=1 -DHAVE_SIGNED_CHAR=1 -DHAVE_LANGINFO=1 -DHAVE_FTS=1 -DHAVE_SYS_IOCTL_H=1'
DL_LIBS='-ldl'
DL_OBJS='tclLoadDl.o'
DTRACE=''
DTRACE_HDR=''
DTRACE_OBJ=''
DTRACE_SRC=''
ECHO_C=''
ECHO_N='-n'
ECHO_T=''
EGREP='/usr/bin/grep -E'
EXEEXT=''
EXTRA_APP_CC_SWITCHES=''
EXTRA_BUILD_HTML=''
EXTRA_CC_SWITCHES=''
EXTRA_INSTALL=''
EXTRA_INSTALL_BINARIES=''
EXTRA_TCLSH_LIBS=''
GREP='/usr/bin/grep'
HTML_DIR='$(DISTDIR)/html'
INSTALL_LIB='$(INSTALL_LIBRARY) $(LIB_FILE) $(LIB_INSTALL_DIR)/$(LIB_FILE) ; (cd $(LIB_INSTALL_DIR) ; $(RANLIB) $(LIB_FILE))'
INSTALL_STUB_LIB='$(INSTALL_LIBRARY) $(STUB_LIB_FILE) $(LIB_INSTALL_DIR)/$(STUB_LIB_FILE) ; (cd $(LIB_INSTALL_DIR) ; $(RANLIB) $(STUB_LIB_FILE))'
LDFLAGS=' -Wl,--export-dynamic'
LDFLAGS_DEBUG=''
LDFLAGS_DEFAULT='$(LDFLAGS_OPTIMIZE)'
LDFLAGS_OPTIMIZE=''
LD_LIBRARY_PATH_VAR='LD_LIBRARY_PATH'
LD_SEARCH_FLAGS='-Wl,-rpath,${LIB_RUNTIME_DIR}'
LIBOBJS=''
LIBS=''
LTLIBOBJS=''
MAKE_LIB='${STLIB_LD} $@ ${OBJS} ; ${RANLIB} $@'
MAKE_STUB_LIB='${STLIB_LD} $@ ${STUB_LIB_OBJS} ; ${RANLIB} $@'
MAN_FLAGS=''
MATH_LIBS='-lm'
OBJEXT='o'
PACKAGE_BUGREPORT=''
PACKAGE_NAME=''
PACKAGE_STRING=''
PACKAGE_TARNAME=''
PACKAGE_URL=''
PACKAGE_VERSION=''
PATH_SEPARATOR=':'
PLAT_OBJS=''
PLAT_SRCS=''
PRIVATE_INCLUDE_DIR='$(includedir)'
RANLIB='ranlib'
SHELL='/bin/bash'
SHLIB_CFLAGS='-fPIC'
SHLIB_LD='${CC} -shared ${CFLAGS} ${LDFLAGS}'
SHLIB_LD_LIBS='${LIBS}'
SHLIB_SUFFIX='.so'
STLIB_LD='${AR} cr'
TCL_BUILD_EXP_FILE=''
TCL_BUILD_LIB_SPEC='-L/home/aqq/nwsim/ns2.34/tcl8.4.18/unix -ltcl8.4${TCL_DBGX}'
TCL_BUILD_STUB_LIB_PATH='/home/aqq/nwsim/ns2.34/tcl8.4.18/unix/libtclstub8.4${TCL_DBGX}.a'
TCL_BUILD_STUB_LIB_SPEC='-L/home/aqq/nwsim/ns2.34/tcl8.4.18/unix -ltclstub8.4${TCL_DBGX}'
TCL_DBGX=''
TCL_EXP_FILE=''
TCL_HAS_LONGLONG=''
TCL_INCLUDE_SPEC='-I/home/aqq/nwsim/ns2.34/include'
TCL_LIBRARY='$(prefix)/lib/tcl$(VERSION)'
TCL_LIBS='${DL_LIBS} ${LIBS} ${MATH_LIBS}'
TCL_LIB_FILE='libtcl8.4${TCL_DBGX}.a'
TCL_LIB_FLAG='-ltcl8.4${TCL_DBGX}'
TCL_LIB_SPEC='-L/home/aqq/nwsim/ns2.34/lib -ltcl8.4${TCL_DBGX}'
TCL_LIB_VERSIONS_OK='ok'
TCL_MAJOR_VERSION='8'
TCL_MINOR_VERSION='4'
TCL_NEEDS_EXP_FILE='0'
TCL_PACKAGE_PATH='/home/aqq/nwsim/ns2.34/lib '
TCL_PATCH_LEVEL='.18'
TCL_SHARED_BUILD='0'
TCL_SHARED_LIB_SUFFIX='${VERSION}\$\{DBGX\}${SHLIB_SUFFIX}'
TCL_SHLIB_LD_EXTRAS=''
TCL_SRC_DIR='/home/aqq/nwsim/ns2.34/tcl8.4.18'
TCL_STUB_LIB_FILE='libtclstub8.4${TCL_DBGX}.a'
TCL_STUB_LIB_FLAG='-ltclstub8.4${TCL_DBGX}'
TCL_STUB_LIB_PATH='/home/aqq/nwsim/ns2.34/lib/libtclstub8.4${TCL_DBGX}.a'
TCL_STUB_LIB_SPEC='-L/home/aqq/nwsim/ns2.34/lib -ltclstub8.4${TCL_DBGX}'
TCL_THREADS='0'
TCL_UNSHARED_LIB_SUFFIX='${VERSION}\$\{DBGX\}.a'
TCL_VERSION='8.4'
TCL_YEAR=''
TK_SHLIB_LD_EXTRAS=''
ac_ct_CC='gcc'
bindir='${exec_prefix}/bin'
build_alias=''
datadir='${datarootdir}'
datarootdir='${prefix}/share'
docdir='${datarootdir}/doc/${PACKAGE}'
dvidir='${docdir}'
exec_prefix='/home/aqq/nwsim/ns2.34'
host_alias=''
htmldir='${docdir}'
includedir='${prefix}/include'
infodir='${datarootdir}/info'
libdir='/home/aqq/nwsim/ns2.34/lib'
libexecdir='${exec_prefix}/libexec'
localedir='${datarootdir}/locale'
localstatedir='${prefix}/var'
mandir='${datarootdir}/man'
oldincludedir='/usr/include'
pdfdir='${docdir}'
prefix='/home/aqq/nwsim/ns2.34'
program_transform_name='s,x,x,'
psdir='${docdir}'
runstatedir='${localstatedir}/run'
sbindir='${exec_prefix}/sbin'
sharedstatedir='${prefix}/com'
sysconfdir='${prefix}/etc'
target_alias=''

## ----------- ##
## confdefs.h. ##
## ----------- ##

/* confdefs.h */
#define PACKAGE_NAME ""
#define PACKAGE_TARNAME ""
#define PACKAGE_VERSION ""
#define PACKAGE_STRING ""
#define PACKAGE_BUGREPORT ""
#define PACKAGE_URL ""
#define STDC_HEADERS 1
#define HAVE_SYS_TYPES_H 1
#define HAVE_SYS_STAT_H 1
#define HAVE_STDLIB_H 1
#define HAVE_STRING_H 1
#define HAVE_MEMORY_H 1
#define HAVE_STRINGS_H 1
#define HAVE_INTTYPES_H 1
#define HAVE_STDINT_H 1
#define HAVE_UNISTD_H 1
#define HAVE_LIMITS_H 1
#define HAVE_UNISTD_H 1
#define HAVE_SYS_PARAM_H 1
#define STATIC_BUILD 1
#define PEEK_XCLOSEIM 1
#define _LARGEFILE64_SOURCE 1
#define TCL_WIDE_INT_IS_LONG 1
#define HAVE_GETCWD 1
#define HAVE_OPENDIR 1
#define HAVE_STRSTR 1
#define HAVE_STRTOL 1
#define HAVE_STRTOLL 1
#define HAVE_STRTOULL 1
#define HAVE_TMPNAM 1
#define HAVE_WAITPID 1
#define USE_TERMIOS 1
#define HAVE_SYS_TIME_H 1
#define TIME_WITH_SYS_TIME 1
#define HAVE_STRUCT_TM_TM_ZONE 1
#define HAVE_TM_ZONE 1
#define HAVE_GMTIME_R 1
#define HAVE_LOCALTIME_R 1
#define HAVE_TM_GMTOFF 1
#define HAVE_TIMEZONE_VAR 1
#define HAVE_STRUCT_STAT_ST_BLKSIZE 1
#define HAVE_ST_BLKSIZE 1
#define NO_UNION_WAIT 1
#define HAVE_SIGNED_CHAR 1
#define HAVE_LANGINFO 1
#define HAVE_FTS 1
#define HAVE_SYS_IOCTL_H 1

configure: exit 0
